first=False
 nodes_to_avg=[0, 225, 520, 602, 707, 850, 1128, 1459, 1826, 2442, 855]
 local_pos=pickles/602_clcl.obj

0.8417314088871477
[0.48742933 0.50192283 0.50953504 0.41777392 0.55311377 0.63665178
 0.66711404 0.5397674  0.9069689  0.70595952 0.64287586]
      fun: 0.7925096592629428
 hess_inv: <30x30 LbfgsInvHessProduct with dtype=float64>
      jac: array([ 2.18935974e-04, -9.32587341e-05,  1.11355369e-04,  2.68562950e-04,
        1.36224365e-04, -1.80300219e-04, -6.02073930e-04,  2.59459114e-04,
        1.78967952e-04, -2.27928781e-04,  4.34541280e-04, -2.05502282e-04,
        5.06261714e-04, -1.94066985e-04,  2.03836947e-04, -3.74034137e-04,
       -1.79856130e-05,  2.70672366e-04,  1.32338585e-04, -4.23661106e-04,
       -3.74589238e-04, -4.44089198e-07,  2.97539771e-05,  2.66786593e-04,
        1.65978338e-04,  1.33004718e-04,  2.65565348e-04, -5.57331943e-05,
       -8.98170427e-05,  1.57207580e-04])
  message: 'CONVERGENCE: REL_REDUCTION_OF_F_<=_FACTR*EPSMCH'
     nfev: 5053
      nit: 147
     njev: 163
   status: 0
  success: True
        x: array([ 0.42009798,  0.01814456, -0.01210579,  0.01660346,  0.00296731,
        0.06635404,  0.45606662, -0.3453307 , -0.05178144,  0.46534588,
        0.3140744 , -0.04626244,  0.88164318, -0.01313747,  0.24700384,
       -0.04879215, -0.03020948, -0.44413616,  0.02350404, -0.05421872,
       -0.3518616 ,  0.28164874, -0.11692425, -0.11690962, -0.30827443,
       -0.07934511, -0.11700914, -0.37118517,  0.19344063,  0.2315034 ])
0.7885142757608686
[0.42932581 0.4330823  0.49333321 0.39698969 0.50385332 0.49928271
 0.52872768 0.42454037 1.03574124 0.57955418 0.74744427]
charge RMSD: 0.000998845877717013
Reading '/data/unibas/boittier/graphscan/methanol/t3/p0.p.cube'... just atom number 
Reading '/data/unibas/boittier/graphscan/methanol/t3/p0.p.cube'... mode     1
Reading '/data/unibas/boittier/graphscan/methanol/t3/p225.p.cube'... mode     1
Reading '/data/unibas/boittier/graphscan/methanol/t3/p520.p.cube'... mode     1
Reading '/data/unibas/boittier/graphscan/methanol/t3/p602.p.cube'... mode     1
Reading '/data/unibas/boittier/graphscan/methanol/t3/p707.p.cube'... mode     1
Reading '/data/unibas/boittier/graphscan/methanol/t3/p850.p.cube'... mode     1
Reading '/data/unibas/boittier/graphscan/methanol/t3/p1128.p.cube'... mode     1
Reading '/data/unibas/boittier/graphscan/methanol/t3/p1459.p.cube'... mode     1
Reading '/data/unibas/boittier/graphscan/methanol/t3/p1826.p.cube'... mode     1
Reading '/data/unibas/boittier/graphscan/methanol/t3/p2442.p.cube'... mode     1
Reading '/data/unibas/boittier/graphscan/methanol/t3/p855.p.cube'... mode     1
Reading '/data/unibas/boittier/graphscan/methanol/t3/p0.p.cube'... mode     2
Reading '/data/unibas/boittier/graphscan/methanol/t3/p225.p.cube'... mode     2
Reading '/data/unibas/boittier/graphscan/methanol/t3/p520.p.cube'... mode     2
Reading '/data/unibas/boittier/graphscan/methanol/t3/p602.p.cube'... mode     2
Reading '/data/unibas/boittier/graphscan/methanol/t3/p707.p.cube'... mode     2
Reading '/data/unibas/boittier/graphscan/methanol/t3/p850.p.cube'... mode     2
Reading '/data/unibas/boittier/graphscan/methanol/t3/p1128.p.cube'... mode     2
Reading '/data/unibas/boittier/graphscan/methanol/t3/p1459.p.cube'... mode     2
Reading '/data/unibas/boittier/graphscan/methanol/t3/p1826.p.cube'... mode     2
Reading '/data/unibas/boittier/graphscan/methanol/t3/p2442.p.cube'... mode     2
Reading '/data/unibas/boittier/graphscan/methanol/t3/p855.p.cube'... mode     2
Reading '/data/unibas/boittier/graphscan/methanol/t3/p0.p.cube'... mode     3
Reading '/data/unibas/boittier/graphscan/methanol/t3/p225.p.cube'... mode     3
Reading '/data/unibas/boittier/graphscan/methanol/t3/p520.p.cube'... mode     3
Reading '/data/unibas/boittier/graphscan/methanol/t3/p602.p.cube'... mode     3
Reading '/data/unibas/boittier/graphscan/methanol/t3/p707.p.cube'... mode     3
Reading '/data/unibas/boittier/graphscan/methanol/t3/p850.p.cube'... mode     3
Reading '/data/unibas/boittier/graphscan/methanol/t3/p1128.p.cube'... mode     3
Reading '/data/unibas/boittier/graphscan/methanol/t3/p1459.p.cube'... mode     3
Reading '/data/unibas/boittier/graphscan/methanol/t3/p1826.p.cube'... mode     3
Reading '/data/unibas/boittier/graphscan/methanol/t3/p2442.p.cube'... mode     3
Reading '/data/unibas/boittier/graphscan/methanol/t3/p855.p.cube'... mode     3
Reading '/home/unibas/boittier/MDCM/examples/multi-conformer/5-charmm-files/10charges.dcm'...
Reading '/home/unibas/boittier/fdcm_project/mdcms/methanol/10charges.xyz'...
Start computing local axis systems ...
Reading '/data/unibas/boittier/graphscan/methanol/t3/p0.p.cube'... mode     4
Reading '/data/unibas/boittier/graphscan/methanol/t3/p225.p.cube'... mode     4
Reading '/data/unibas/boittier/graphscan/methanol/t3/p520.p.cube'... mode     4
Reading '/data/unibas/boittier/graphscan/methanol/t3/p602.p.cube'... mode     4
Reading '/data/unibas/boittier/graphscan/methanol/t3/p707.p.cube'... mode     4
Reading '/data/unibas/boittier/graphscan/methanol/t3/p850.p.cube'... mode     4
Reading '/data/unibas/boittier/graphscan/methanol/t3/p1128.p.cube'... mode     4
Reading '/data/unibas/boittier/graphscan/methanol/t3/p1459.p.cube'... mode     4
Reading '/data/unibas/boittier/graphscan/methanol/t3/p1826.p.cube'... mode     4
Reading '/data/unibas/boittier/graphscan/methanol/t3/p2442.p.cube'... mode     4
Reading '/data/unibas/boittier/graphscan/methanol/t3/p855.p.cube'... mode     4
