first=False
 nodes_to_avg=[1032, 91, 359, 1457, 1811, 1827, 1954, 2201, 2259, 2378, 269]
 local_pos=pickles/359_clcl.obj

0.6844410141757993
[0.45772735 0.53485942 0.40184931 0.64809123 0.48385617 1.00240068
 0.49009712 0.72002719 0.5559779  0.77466128 1.08402801]
      fun: 0.6611751479166583
 hess_inv: <30x30 LbfgsInvHessProduct with dtype=float64>
      jac: array([-1.74305010e-05,  2.96429548e-05,  8.54871729e-06,  3.40172335e-04,
        3.79696274e-05,  5.87307980e-05, -2.46691549e-04,  2.81330507e-04,
        5.48561197e-04, -4.87831984e-04, -1.08135720e-04,  7.80153720e-04,
        8.58202422e-05,  9.04831766e-05, -3.49276164e-04,  3.48832075e-04,
       -1.55431224e-06, -5.01154660e-04,  3.69260178e-04, -1.92401650e-04,
        1.43218770e-05, -1.86850530e-04, -1.54098956e-04, -5.47339951e-05,
       -1.83075772e-04, -1.70974346e-05,  5.83977311e-05, -5.80646642e-05,
       -1.08357767e-04,  2.55795378e-04])
  message: 'CONVERGENCE: REL_REDUCTION_OF_F_<=_FACTR*EPSMCH'
     nfev: 2511
      nit: 68
     njev: 81
   status: 0
  success: True
        x: array([ 0.37937765, -0.00363021, -0.03934308,  0.01112212, -0.00362834,
        0.06301538,  0.47278445, -0.34764646, -0.04846086,  0.47189295,
        0.35818269, -0.04061845,  0.87839692,  0.00997052,  0.24993424,
       -0.0233206 ,  0.00903445, -0.40329445,  0.1393176 ,  0.02244321,
       -0.24798508,  0.25313603, -0.02945231, -0.05641423, -0.31976355,
        0.10554878, -0.0325396 , -0.18480659, -0.18438955,  0.33891705])
[0.41612685 0.46491016 0.43257089 0.6626242  0.50876794 0.94415115
 0.44693737 0.72184708 0.46965909 0.72054833 1.06242486]
charge RMSD: 0.0004040436727554719
Reading '/data/unibas/boittier/graphscan/methanol/t3/p1032.p.cube'... just atom number 
Reading '/data/unibas/boittier/graphscan/methanol/t3/p1032.p.cube'... mode     1
Reading '/data/unibas/boittier/graphscan/methanol/t3/p91.p.cube'... mode     1
Reading '/data/unibas/boittier/graphscan/methanol/t3/p359.p.cube'... mode     1
Reading '/data/unibas/boittier/graphscan/methanol/t3/p1457.p.cube'... mode     1
Reading '/data/unibas/boittier/graphscan/methanol/t3/p1811.p.cube'... mode     1
Reading '/data/unibas/boittier/graphscan/methanol/t3/p1827.p.cube'... mode     1
Reading '/data/unibas/boittier/graphscan/methanol/t3/p1954.p.cube'... mode     1
Reading '/data/unibas/boittier/graphscan/methanol/t3/p2201.p.cube'... mode     1
Reading '/data/unibas/boittier/graphscan/methanol/t3/p2259.p.cube'... mode     1
Reading '/data/unibas/boittier/graphscan/methanol/t3/p2378.p.cube'... mode     1
Reading '/data/unibas/boittier/graphscan/methanol/t3/p269.p.cube'... mode     1
Reading '/data/unibas/boittier/graphscan/methanol/t3/p1032.p.cube'... mode     2
Reading '/data/unibas/boittier/graphscan/methanol/t3/p91.p.cube'... mode     2
Reading '/data/unibas/boittier/graphscan/methanol/t3/p359.p.cube'... mode     2
Reading '/data/unibas/boittier/graphscan/methanol/t3/p1457.p.cube'... mode     2
Reading '/data/unibas/boittier/graphscan/methanol/t3/p1811.p.cube'... mode     2
Reading '/data/unibas/boittier/graphscan/methanol/t3/p1827.p.cube'... mode     2
Reading '/data/unibas/boittier/graphscan/methanol/t3/p1954.p.cube'... mode     2
Reading '/data/unibas/boittier/graphscan/methanol/t3/p2201.p.cube'... mode     2
Reading '/data/unibas/boittier/graphscan/methanol/t3/p2259.p.cube'... mode     2
Reading '/data/unibas/boittier/graphscan/methanol/t3/p2378.p.cube'... mode     2
Reading '/data/unibas/boittier/graphscan/methanol/t3/p269.p.cube'... mode     2
Reading '/data/unibas/boittier/graphscan/methanol/t3/p1032.p.cube'... mode     3
Reading '/data/unibas/boittier/graphscan/methanol/t3/p91.p.cube'... mode     3
Reading '/data/unibas/boittier/graphscan/methanol/t3/p359.p.cube'... mode     3
Reading '/data/unibas/boittier/graphscan/methanol/t3/p1457.p.cube'... mode     3
Reading '/data/unibas/boittier/graphscan/methanol/t3/p1811.p.cube'... mode     3
Reading '/data/unibas/boittier/graphscan/methanol/t3/p1827.p.cube'... mode     3
Reading '/data/unibas/boittier/graphscan/methanol/t3/p1954.p.cube'... mode     3
Reading '/data/unibas/boittier/graphscan/methanol/t3/p2201.p.cube'... mode     3
Reading '/data/unibas/boittier/graphscan/methanol/t3/p2259.p.cube'... mode     3
Reading '/data/unibas/boittier/graphscan/methanol/t3/p2378.p.cube'... mode     3
Reading '/data/unibas/boittier/graphscan/methanol/t3/p269.p.cube'... mode     3
Reading '/home/unibas/boittier/MDCM/examples/multi-conformer/5-charmm-files/10charges.dcm'...
Reading '/home/unibas/boittier/fdcm_project/mdcms/methanol/10charges.xyz'...
Start computing local axis systems ...
Reading '/data/unibas/boittier/graphscan/methanol/t3/p1032.p.cube'... mode     4
Reading '/data/unibas/boittier/graphscan/methanol/t3/p91.p.cube'... mode     4
Reading '/data/unibas/boittier/graphscan/methanol/t3/p359.p.cube'... mode     4
Reading '/data/unibas/boittier/graphscan/methanol/t3/p1457.p.cube'... mode     4
Reading '/data/unibas/boittier/graphscan/methanol/t3/p1811.p.cube'... mode     4
Reading '/data/unibas/boittier/graphscan/methanol/t3/p1827.p.cube'... mode     4
Reading '/data/unibas/boittier/graphscan/methanol/t3/p1954.p.cube'... mode     4
Reading '/data/unibas/boittier/graphscan/methanol/t3/p2201.p.cube'... mode     4
Reading '/data/unibas/boittier/graphscan/methanol/t3/p2259.p.cube'... mode     4
Reading '/data/unibas/boittier/graphscan/methanol/t3/p2378.p.cube'... mode     4
Reading '/data/unibas/boittier/graphscan/methanol/t3/p269.p.cube'... mode     4
