first=False
 nodes_to_avg=[1093, 171, 696, 789, 985, 1239, 1435, 1952, 2188, 1534]
 local_pos=pickles/696_clcl.obj

0.671831045917951
[0.53325827 0.56453838 0.37317488 0.84640356 0.47398308 0.65566439
 0.59538963 0.88411303 0.82255476 0.7722837 ]
      fun: 0.548040025847664
 hess_inv: <30x30 LbfgsInvHessProduct with dtype=float64>
      jac: array([-9.68114478e-05,  2.37809772e-04,  3.88578059e-05,  1.16107124e-03,
       -9.54569756e-04, -1.50102153e-04, -2.41939795e-03,  3.12694306e-03,
       -4.70512518e-04, -2.03304046e-03,  2.94797512e-03, -6.20836716e-04,
        1.64501750e-03, -2.29194441e-03,  2.47135645e-04,  2.34612330e-03,
       -2.82818213e-03,  7.30415708e-04, -6.72795153e-05,  7.72160113e-04,
        2.70561344e-04,  5.77315973e-06, -4.07451850e-05, -1.15352172e-04,
       -1.55653264e-04,  9.63673586e-05, -8.33777492e-05, -2.98316927e-04,
       -2.48912002e-04,  1.11133325e-04])
  message: 'CONVERGENCE: REL_REDUCTION_OF_F_<=_FACTR*EPSMCH'
     nfev: 5611
      nit: 162
     njev: 181
   status: 0
  success: True
        x: array([ 0.12279215, -0.05543654, -0.20351134, -0.04800302, -0.00402551,
        0.04942582,  0.44243713, -0.33880663, -0.11568375,  0.51568879,
        0.31836432, -0.03713786,  0.88107293,  0.03405599,  0.20180639,
        0.04288891, -0.05298418, -0.41600722,  0.11796875, -0.00686819,
       -0.3706521 ,  0.21572118,  0.21586793, -0.0277537 , -0.30343855,
        0.12730625,  0.21949024, -0.17517503,  0.06685271, -0.01800324])
[0.42784861 0.42904919 0.53559607 0.65231632 0.58820351 0.53644426
 0.45719031 0.63027221 0.60373382 0.53713597]
charge RMSD: 0.00156678389790098
Reading '/data/unibas/boittier/graphscan/methanol/t3/p1093.p.cube'... just atom number 
Reading '/data/unibas/boittier/graphscan/methanol/t3/p1093.p.cube'... mode     1
Reading '/data/unibas/boittier/graphscan/methanol/t3/p171.p.cube'... mode     1
Reading '/data/unibas/boittier/graphscan/methanol/t3/p696.p.cube'... mode     1
Reading '/data/unibas/boittier/graphscan/methanol/t3/p789.p.cube'... mode     1
Reading '/data/unibas/boittier/graphscan/methanol/t3/p985.p.cube'... mode     1
Reading '/data/unibas/boittier/graphscan/methanol/t3/p1239.p.cube'... mode     1
Reading '/data/unibas/boittier/graphscan/methanol/t3/p1435.p.cube'... mode     1
Reading '/data/unibas/boittier/graphscan/methanol/t3/p1952.p.cube'... mode     1
Reading '/data/unibas/boittier/graphscan/methanol/t3/p2188.p.cube'... mode     1
Reading '/data/unibas/boittier/graphscan/methanol/t3/p1534.p.cube'... mode     1
Reading '/data/unibas/boittier/graphscan/methanol/t3/p1093.p.cube'... mode     2
Reading '/data/unibas/boittier/graphscan/methanol/t3/p171.p.cube'... mode     2
Reading '/data/unibas/boittier/graphscan/methanol/t3/p696.p.cube'... mode     2
Reading '/data/unibas/boittier/graphscan/methanol/t3/p789.p.cube'... mode     2
Reading '/data/unibas/boittier/graphscan/methanol/t3/p985.p.cube'... mode     2
Reading '/data/unibas/boittier/graphscan/methanol/t3/p1239.p.cube'... mode     2
Reading '/data/unibas/boittier/graphscan/methanol/t3/p1435.p.cube'... mode     2
Reading '/data/unibas/boittier/graphscan/methanol/t3/p1952.p.cube'... mode     2
Reading '/data/unibas/boittier/graphscan/methanol/t3/p2188.p.cube'... mode     2
Reading '/data/unibas/boittier/graphscan/methanol/t3/p1534.p.cube'... mode     2
Reading '/data/unibas/boittier/graphscan/methanol/t3/p1093.p.cube'... mode     3
Reading '/data/unibas/boittier/graphscan/methanol/t3/p171.p.cube'... mode     3
Reading '/data/unibas/boittier/graphscan/methanol/t3/p696.p.cube'... mode     3
Reading '/data/unibas/boittier/graphscan/methanol/t3/p789.p.cube'... mode     3
Reading '/data/unibas/boittier/graphscan/methanol/t3/p985.p.cube'... mode     3
Reading '/data/unibas/boittier/graphscan/methanol/t3/p1239.p.cube'... mode     3
Reading '/data/unibas/boittier/graphscan/methanol/t3/p1435.p.cube'... mode     3
Reading '/data/unibas/boittier/graphscan/methanol/t3/p1952.p.cube'... mode     3
Reading '/data/unibas/boittier/graphscan/methanol/t3/p2188.p.cube'... mode     3
Reading '/data/unibas/boittier/graphscan/methanol/t3/p1534.p.cube'... mode     3
Reading '/home/unibas/boittier/MDCM/examples/multi-conformer/5-charmm-files/10charges.dcm'...
Reading '/home/unibas/boittier/fdcm_project/mdcms/methanol/10charges.xyz'...
Start computing local axis systems ...
Reading '/data/unibas/boittier/graphscan/methanol/t3/p1093.p.cube'... mode     4
Reading '/data/unibas/boittier/graphscan/methanol/t3/p171.p.cube'... mode     4
Reading '/data/unibas/boittier/graphscan/methanol/t3/p696.p.cube'... mode     4
Reading '/data/unibas/boittier/graphscan/methanol/t3/p789.p.cube'... mode     4
Reading '/data/unibas/boittier/graphscan/methanol/t3/p985.p.cube'... mode     4
Reading '/data/unibas/boittier/graphscan/methanol/t3/p1239.p.cube'... mode     4
Reading '/data/unibas/boittier/graphscan/methanol/t3/p1435.p.cube'... mode     4
Reading '/data/unibas/boittier/graphscan/methanol/t3/p1952.p.cube'... mode     4
Reading '/data/unibas/boittier/graphscan/methanol/t3/p2188.p.cube'... mode     4
Reading '/data/unibas/boittier/graphscan/methanol/t3/p1534.p.cube'... mode     4
