first=False
 nodes_to_avg=[36]
 local_pos=pickles/320_clcl.obj

0.7021200044873958
[0.70212]
      fun: 0.4426811423345
 hess_inv: <30x30 LbfgsInvHessProduct with dtype=float64>
      jac: array([ 1.27009511e-04,  6.21724894e-06,  2.91988656e-05, -3.76754184e-04,
        6.56696919e-05,  6.58362254e-05, -1.71862520e-04, -2.44304570e-04,
        9.38693567e-05,  7.66053866e-06,  4.14279710e-04,  3.91908728e-05,
        1.30118142e-04, -1.42330592e-04, -7.23865392e-05, -4.05786516e-05,
       -1.10467191e-04, -2.02393652e-04, -1.53987934e-04, -1.10966791e-04,
       -2.05335749e-04, -5.55611113e-04, -2.48578935e-04, -2.94875235e-04,
       -2.43138843e-05,  3.58713059e-04,  1.98452366e-04, -7.98805467e-05,
       -1.02307052e-04,  2.61901612e-04])
  message: 'CONVERGENCE: REL_REDUCTION_OF_F_<=_FACTR*EPSMCH'
     nfev: 1333
      nit: 37
     njev: 43
   status: 0
  success: True
        x: array([ 0.49716641, -0.01044376,  0.04179006,  0.0369341 ,  0.00652702,
        0.06798228,  0.44741347, -0.35887637,  0.00756854,  0.46765677,
        0.37390707,  0.01783151,  0.86011514, -0.00575765,  0.34487609,
       -0.05925999,  0.02698185, -0.35511709,  0.23399622,  0.06938282,
       -0.03475301,  0.06590098, -0.00922385,  0.11584346, -0.10270874,
       -0.00186819,  0.22020978, -0.18189053,  0.04595258,  0.21416508])
0.4147019209123275
[0.41470192]
charge RMSD: 0.0002797922122598802
Reading '/data/unibas/boittier/graphscan/methanol/t3/p36.p.cube'... just atom number 
Reading '/data/unibas/boittier/graphscan/methanol/t3/p36.p.cube'... mode     1
Reading '/data/unibas/boittier/graphscan/methanol/t3/p36.p.cube'... mode     2
Reading '/data/unibas/boittier/graphscan/methanol/t3/p36.p.cube'... mode     3
Reading '/home/unibas/boittier/MDCM/examples/multi-conformer/5-charmm-files/10charges.dcm'...
Reading '/home/unibas/boittier/fdcm_project/mdcms/methanol/10charges.xyz'...
Start computing local axis systems ...
Reading '/data/unibas/boittier/graphscan/methanol/t3/p36.p.cube'... mode     4
