first=False
 nodes_to_avg=[1101, 2138]
 local_pos=pickles/1454_clcl.obj

0.5358537972552615
[0.45259223 0.56398182]
      fun: 0.504052408407284
 hess_inv: <30x30 LbfgsInvHessProduct with dtype=float64>
      jac: array([-5.55111497e-07, -9.40358902e-05, -3.13082893e-05,  5.58442182e-05,
        3.24296145e-04,  2.69673173e-04, -3.10196305e-04,  7.41628960e-05,
       -5.69211345e-04, -6.91668926e-05, -5.24025253e-05, -3.43947093e-04,
        6.70574726e-05,  1.29896094e-05,  5.10813600e-04,  3.34843264e-04,
        3.74034137e-04,  6.25388613e-04, -5.58442166e-04,  8.88178420e-07,
        5.06039655e-04,  2.68562950e-04,  5.49560397e-05, -4.66737747e-04,
       -2.21489494e-04,  4.15223411e-05, -1.77635684e-05, -3.24518190e-04,
        2.30593322e-04,  2.99760217e-06])
  message: 'CONVERGENCE: REL_REDUCTION_OF_F_<=_FACTR*EPSMCH'
     nfev: 4092
      nit: 114
     njev: 132
   status: 0
  success: True
        x: array([ 4.50307080e-01, -1.06301873e-02,  9.16825346e-03,  3.90793890e-02,
       -4.84518738e-03,  6.30375297e-02,  4.33190106e-01, -3.54027053e-01,
       -2.96270120e-03,  4.49299440e-01,  3.76013650e-01,  6.80996636e-03,
        8.22880861e-01,  5.15061019e-04,  3.40687424e-01, -4.52323956e-02,
        3.05454931e-02, -3.71394957e-01,  2.64973071e-01,  2.96682071e-02,
        1.41734552e-03,  2.07764436e-01, -1.04242433e-02,  3.78860315e-01,
       -1.36879813e-01, -1.08635641e-01,  4.78614599e-02,  9.13414939e-02,
        9.00724382e-02,  1.98517926e-01])
0.4982131041507854
[0.45403483 0.48866633]
charge RMSD: 0.0007299130323125438
Reading '/data/unibas/boittier/graphscan/methanol/t3/p1101.p.cube'... just atom number 
Reading '/data/unibas/boittier/graphscan/methanol/t3/p1101.p.cube'... mode     1
Reading '/data/unibas/boittier/graphscan/methanol/t3/p2138.p.cube'... mode     1
Reading '/data/unibas/boittier/graphscan/methanol/t3/p1101.p.cube'... mode     2
Reading '/data/unibas/boittier/graphscan/methanol/t3/p2138.p.cube'... mode     2
Reading '/data/unibas/boittier/graphscan/methanol/t3/p1101.p.cube'... mode     3
Reading '/data/unibas/boittier/graphscan/methanol/t3/p2138.p.cube'... mode     3
Reading '/home/unibas/boittier/MDCM/examples/multi-conformer/5-charmm-files/10charges.dcm'...
Reading '/home/unibas/boittier/fdcm_project/mdcms/methanol/10charges.xyz'...
Start computing local axis systems ...
Reading '/data/unibas/boittier/graphscan/methanol/t3/p1101.p.cube'... mode     4
Reading '/data/unibas/boittier/graphscan/methanol/t3/p2138.p.cube'... mode     4
