first=False
 nodes_to_avg=[1395, 169, 189, 396, 812, 815, 1054, 1263, 1475, 2470, 712]
 local_pos=pickles/1263_clcl.obj

0.6236124975756767
[0.43765387 0.60591749 0.53390451 0.73538557 0.55355873 0.84372383
 0.71765907 0.4296431  0.58038    0.72271633 0.56464396]
      fun: 0.5772729771087832
 hess_inv: <30x30 LbfgsInvHessProduct with dtype=float64>
      jac: array([ 1.39777075e-04,  4.42978987e-05, -1.49880108e-05, -4.58522109e-05,
       -2.58570943e-04,  3.48943097e-04, -8.33777469e-05,  6.01962908e-04,
       -4.49640325e-05, -3.04423145e-04,  2.84994243e-04, -3.41726647e-04,
       -2.44804184e-04, -4.17443857e-05,  8.53761483e-05,  4.75286477e-04,
       -5.84754467e-04,  3.32067698e-04, -1.81188398e-04,  3.85247390e-05,
        2.84883228e-04, -1.27675644e-05, -2.08166817e-04, -1.36113339e-04,
        1.38111744e-04, -2.05835349e-04,  4.28546088e-05,  8.35997938e-05,
        1.24122934e-04, -1.75304216e-04])
  message: 'CONVERGENCE: REL_REDUCTION_OF_F_<=_FACTR*EPSMCH'
     nfev: 3100
      nit: 90
     njev: 100
   status: 0
  success: True
        x: array([ 4.35280512e-01, -8.53413482e-03, -4.20146257e-03, -5.48369987e-04,
        1.23495344e-02,  6.18308704e-02,  4.53520854e-01, -3.45582872e-01,
       -3.24576718e-02,  4.41777143e-01,  3.49458439e-01, -1.90228796e-02,
        8.59573948e-01, -2.18224274e-03,  2.98421311e-01, -5.74787461e-02,
       -1.33277185e-03, -4.05383710e-01,  1.33563142e-01, -2.90553099e-02,
       -1.85513487e-01,  3.55349585e-01,  1.98093891e-01,  2.57040959e-01,
       -2.23958497e-01,  1.05587499e-01,  4.24990840e-02, -6.66500723e-02,
       -4.72516203e-02,  6.11090382e-02])
[0.45681963 0.53294915 0.48656386 0.61376618 0.54972108 0.71862776
 0.58701415 0.52165003 0.52683103 0.69379088 0.53549034]
charge RMSD: 0.0006283452169496095
Reading '/data/unibas/boittier/graphscan/methanol/t3/p1395.p.cube'... just atom number 
Reading '/data/unibas/boittier/graphscan/methanol/t3/p1395.p.cube'... mode     1
Reading '/data/unibas/boittier/graphscan/methanol/t3/p169.p.cube'... mode     1
Reading '/data/unibas/boittier/graphscan/methanol/t3/p189.p.cube'... mode     1
Reading '/data/unibas/boittier/graphscan/methanol/t3/p396.p.cube'... mode     1
Reading '/data/unibas/boittier/graphscan/methanol/t3/p812.p.cube'... mode     1
Reading '/data/unibas/boittier/graphscan/methanol/t3/p815.p.cube'... mode     1
Reading '/data/unibas/boittier/graphscan/methanol/t3/p1054.p.cube'... mode     1
Reading '/data/unibas/boittier/graphscan/methanol/t3/p1263.p.cube'... mode     1
Reading '/data/unibas/boittier/graphscan/methanol/t3/p1475.p.cube'... mode     1
Reading '/data/unibas/boittier/graphscan/methanol/t3/p2470.p.cube'... mode     1
Reading '/data/unibas/boittier/graphscan/methanol/t3/p712.p.cube'... mode     1
Reading '/data/unibas/boittier/graphscan/methanol/t3/p1395.p.cube'... mode     2
Reading '/data/unibas/boittier/graphscan/methanol/t3/p169.p.cube'... mode     2
Reading '/data/unibas/boittier/graphscan/methanol/t3/p189.p.cube'... mode     2
Reading '/data/unibas/boittier/graphscan/methanol/t3/p396.p.cube'... mode     2
Reading '/data/unibas/boittier/graphscan/methanol/t3/p812.p.cube'... mode     2
Reading '/data/unibas/boittier/graphscan/methanol/t3/p815.p.cube'... mode     2
Reading '/data/unibas/boittier/graphscan/methanol/t3/p1054.p.cube'... mode     2
Reading '/data/unibas/boittier/graphscan/methanol/t3/p1263.p.cube'... mode     2
Reading '/data/unibas/boittier/graphscan/methanol/t3/p1475.p.cube'... mode     2
Reading '/data/unibas/boittier/graphscan/methanol/t3/p2470.p.cube'... mode     2
Reading '/data/unibas/boittier/graphscan/methanol/t3/p712.p.cube'... mode     2
Reading '/data/unibas/boittier/graphscan/methanol/t3/p1395.p.cube'... mode     3
Reading '/data/unibas/boittier/graphscan/methanol/t3/p169.p.cube'... mode     3
Reading '/data/unibas/boittier/graphscan/methanol/t3/p189.p.cube'... mode     3
Reading '/data/unibas/boittier/graphscan/methanol/t3/p396.p.cube'... mode     3
Reading '/data/unibas/boittier/graphscan/methanol/t3/p812.p.cube'... mode     3
Reading '/data/unibas/boittier/graphscan/methanol/t3/p815.p.cube'... mode     3
Reading '/data/unibas/boittier/graphscan/methanol/t3/p1054.p.cube'... mode     3
Reading '/data/unibas/boittier/graphscan/methanol/t3/p1263.p.cube'... mode     3
Reading '/data/unibas/boittier/graphscan/methanol/t3/p1475.p.cube'... mode     3
Reading '/data/unibas/boittier/graphscan/methanol/t3/p2470.p.cube'... mode     3
Reading '/data/unibas/boittier/graphscan/methanol/t3/p712.p.cube'... mode     3
Reading '/home/unibas/boittier/MDCM/examples/multi-conformer/5-charmm-files/10charges.dcm'...
Reading '/home/unibas/boittier/fdcm_project/mdcms/methanol/10charges.xyz'...
Start computing local axis systems ...
Reading '/data/unibas/boittier/graphscan/methanol/t3/p1395.p.cube'... mode     4
Reading '/data/unibas/boittier/graphscan/methanol/t3/p169.p.cube'... mode     4
Reading '/data/unibas/boittier/graphscan/methanol/t3/p189.p.cube'... mode     4
Reading '/data/unibas/boittier/graphscan/methanol/t3/p396.p.cube'... mode     4
Reading '/data/unibas/boittier/graphscan/methanol/t3/p812.p.cube'... mode     4
Reading '/data/unibas/boittier/graphscan/methanol/t3/p815.p.cube'... mode     4
Reading '/data/unibas/boittier/graphscan/methanol/t3/p1054.p.cube'... mode     4
Reading '/data/unibas/boittier/graphscan/methanol/t3/p1263.p.cube'... mode     4
Reading '/data/unibas/boittier/graphscan/methanol/t3/p1475.p.cube'... mode     4
Reading '/data/unibas/boittier/graphscan/methanol/t3/p2470.p.cube'... mode     4
Reading '/data/unibas/boittier/graphscan/methanol/t3/p712.p.cube'... mode     4
