first=False
 nodes_to_avg=[1443, 483, 773, 1141, 1183, 1588, 1667, 2022, 2148, 2174, 1278]
 local_pos=pickles/1588_clcl.obj

0.7387703915290244
[0.47919241 0.49306779 0.43682639 0.59553052 0.50385127 0.58958337
 0.50039877 0.6834327  0.52215922 0.50540431 0.51949566]
      fun: 0.7283604577500141
 hess_inv: <30x30 LbfgsInvHessProduct with dtype=float64>
      jac: array([ 2.48134839e-04,  3.25295346e-05,  9.65894032e-05, -5.71209746e-04,
       -8.88178419e-06, -1.54765090e-04,  8.83404437e-04,  1.70319310e-03,
        1.86017868e-03,  1.27953200e-03,  1.39488417e-03,  1.34492417e-03,
       -9.37139282e-04, -1.10411680e-03, -1.36168850e-03, -1.20825572e-03,
       -1.42674761e-03, -1.44062536e-03,  8.94062602e-04,  0.00000000e+00,
       -5.54556386e-04,  2.78110860e-04,  4.58522109e-05,  1.46993529e-04,
        6.68354261e-05,  5.07371922e-04,  3.03312930e-04, -4.86610752e-04,
       -2.78110868e-04,  2.54574133e-04])
  message: 'CONVERGENCE: REL_REDUCTION_OF_F_<=_FACTR*EPSMCH'
     nfev: 4898
      nit: 138
     njev: 158
   status: 0
  success: True
        x: array([ 0.38482416,  0.02115404, -0.04015607,  0.0137765 ,  0.00476015,
        0.07580789,  0.44456735, -0.34345617, -0.05545099,  0.46596238,
        0.32033291, -0.05262714,  0.86323457, -0.00754956,  0.2687453 ,
       -0.01773996, -0.01644066, -0.45804291,  0.0999103 ,  0.0303144 ,
       -0.4307272 ,  0.25945762,  0.00143422, -0.08531725, -0.23182427,
       -0.002502  , -0.11753483, -0.142561  ,  0.12010932,  0.4070521 ])
0.7265667000038792
[0.47242549 0.46338148 0.43019058 0.62771359 0.51206829 0.56122905
 0.4731155  0.65825612 0.52016273 0.49601354 0.51968377]
charge RMSD: 0.00044843943530619123
Reading '/data/unibas/boittier/graphscan/methanol/t3/p1443.p.cube'... just atom number 
Reading '/data/unibas/boittier/graphscan/methanol/t3/p1443.p.cube'... mode     1
Reading '/data/unibas/boittier/graphscan/methanol/t3/p483.p.cube'... mode     1
Reading '/data/unibas/boittier/graphscan/methanol/t3/p773.p.cube'... mode     1
Reading '/data/unibas/boittier/graphscan/methanol/t3/p1141.p.cube'... mode     1
Reading '/data/unibas/boittier/graphscan/methanol/t3/p1183.p.cube'... mode     1
Reading '/data/unibas/boittier/graphscan/methanol/t3/p1588.p.cube'... mode     1
Reading '/data/unibas/boittier/graphscan/methanol/t3/p1667.p.cube'... mode     1
Reading '/data/unibas/boittier/graphscan/methanol/t3/p2022.p.cube'... mode     1
Reading '/data/unibas/boittier/graphscan/methanol/t3/p2148.p.cube'... mode     1
Reading '/data/unibas/boittier/graphscan/methanol/t3/p2174.p.cube'... mode     1
Reading '/data/unibas/boittier/graphscan/methanol/t3/p1278.p.cube'... mode     1
Reading '/data/unibas/boittier/graphscan/methanol/t3/p1443.p.cube'... mode     2
Reading '/data/unibas/boittier/graphscan/methanol/t3/p483.p.cube'... mode     2
Reading '/data/unibas/boittier/graphscan/methanol/t3/p773.p.cube'... mode     2
Reading '/data/unibas/boittier/graphscan/methanol/t3/p1141.p.cube'... mode     2
Reading '/data/unibas/boittier/graphscan/methanol/t3/p1183.p.cube'... mode     2
Reading '/data/unibas/boittier/graphscan/methanol/t3/p1588.p.cube'... mode     2
Reading '/data/unibas/boittier/graphscan/methanol/t3/p1667.p.cube'... mode     2
Reading '/data/unibas/boittier/graphscan/methanol/t3/p2022.p.cube'... mode     2
Reading '/data/unibas/boittier/graphscan/methanol/t3/p2148.p.cube'... mode     2
Reading '/data/unibas/boittier/graphscan/methanol/t3/p2174.p.cube'... mode     2
Reading '/data/unibas/boittier/graphscan/methanol/t3/p1278.p.cube'... mode     2
Reading '/data/unibas/boittier/graphscan/methanol/t3/p1443.p.cube'... mode     3
Reading '/data/unibas/boittier/graphscan/methanol/t3/p483.p.cube'... mode     3
Reading '/data/unibas/boittier/graphscan/methanol/t3/p773.p.cube'... mode     3
Reading '/data/unibas/boittier/graphscan/methanol/t3/p1141.p.cube'... mode     3
Reading '/data/unibas/boittier/graphscan/methanol/t3/p1183.p.cube'... mode     3
Reading '/data/unibas/boittier/graphscan/methanol/t3/p1588.p.cube'... mode     3
Reading '/data/unibas/boittier/graphscan/methanol/t3/p1667.p.cube'... mode     3
Reading '/data/unibas/boittier/graphscan/methanol/t3/p2022.p.cube'... mode     3
Reading '/data/unibas/boittier/graphscan/methanol/t3/p2148.p.cube'... mode     3
Reading '/data/unibas/boittier/graphscan/methanol/t3/p2174.p.cube'... mode     3
Reading '/data/unibas/boittier/graphscan/methanol/t3/p1278.p.cube'... mode     3
Reading '/home/unibas/boittier/MDCM/examples/multi-conformer/5-charmm-files/10charges.dcm'...
Reading '/home/unibas/boittier/fdcm_project/mdcms/methanol/10charges.xyz'...
Start computing local axis systems ...
Reading '/data/unibas/boittier/graphscan/methanol/t3/p1443.p.cube'... mode     4
Reading '/data/unibas/boittier/graphscan/methanol/t3/p483.p.cube'... mode     4
Reading '/data/unibas/boittier/graphscan/methanol/t3/p773.p.cube'... mode     4
Reading '/data/unibas/boittier/graphscan/methanol/t3/p1141.p.cube'... mode     4
Reading '/data/unibas/boittier/graphscan/methanol/t3/p1183.p.cube'... mode     4
Reading '/data/unibas/boittier/graphscan/methanol/t3/p1588.p.cube'... mode     4
Reading '/data/unibas/boittier/graphscan/methanol/t3/p1667.p.cube'... mode     4
Reading '/data/unibas/boittier/graphscan/methanol/t3/p2022.p.cube'... mode     4
Reading '/data/unibas/boittier/graphscan/methanol/t3/p2148.p.cube'... mode     4
Reading '/data/unibas/boittier/graphscan/methanol/t3/p2174.p.cube'... mode     4
Reading '/data/unibas/boittier/graphscan/methanol/t3/p1278.p.cube'... mode     4
