first=False
 nodes_to_avg=[1452, 624]
 local_pos=pickles/345_clcl.obj

0.8102312436553762
[0.65416216 0.88303034]
      fun: 0.7776165292375037
 hess_inv: <30x30 LbfgsInvHessProduct with dtype=float64>
      jac: array([ 5.35127483e-05,  3.80806497e-05,  7.96029908e-05,  6.42819131e-05,
        8.54871729e-06, -3.98681088e-04, -1.97619693e-04, -1.34225960e-04,
       -1.18127730e-04, -2.10276235e-04,  1.96731515e-04,  2.34479103e-04,
        1.01696432e-04, -1.40110146e-04, -3.04312123e-04,  3.41948692e-04,
        7.34967642e-05, -9.75886012e-05, -3.85136357e-04, -3.81472631e-04,
        2.12052598e-05, -2.74225080e-05, -9.70334897e-05, -2.88657979e-06,
        1.81743509e-04, -2.37254660e-04, -3.19744231e-05, -1.19126931e-04,
        1.45217172e-04, -5.56221736e-05])
  message: 'CONVERGENCE: REL_REDUCTION_OF_F_<=_FACTR*EPSMCH'
     nfev: 2945
      nit: 85
     njev: 95
   status: 0
  success: True
        x: array([ 4.10009557e-01,  5.96865389e-03, -7.54024424e-03, -7.36477706e-03,
        4.12436487e-03,  3.76384593e-02,  4.20315167e-01, -3.89542501e-01,
        4.56634552e-04,  4.34529862e-01,  3.80663047e-01, -3.39538006e-03,
        8.00864795e-01, -6.99491873e-03,  3.28089360e-01, -6.19012069e-02,
       -1.46344140e-03, -3.56245190e-01,  2.63020103e-01, -3.49296447e-03,
       -1.26162807e-01,  3.31352070e-01,  3.20402769e-01,  2.90504777e-01,
       -8.67280669e-02, -4.12864080e-02, -1.94409925e-02, -2.13109175e-01,
        6.37727068e-02,  1.54463355e-01])
0.7703610454082844
[0.66039516 0.80152164]
charge RMSD: 0.0009069354821535166
Reading '/data/unibas/boittier/graphscan/methanol/t3/p1452.p.cube'... just atom number 
Reading '/data/unibas/boittier/graphscan/methanol/t3/p1452.p.cube'... mode     1
Reading '/data/unibas/boittier/graphscan/methanol/t3/p624.p.cube'... mode     1
Reading '/data/unibas/boittier/graphscan/methanol/t3/p1452.p.cube'... mode     2
Reading '/data/unibas/boittier/graphscan/methanol/t3/p624.p.cube'... mode     2
Reading '/data/unibas/boittier/graphscan/methanol/t3/p1452.p.cube'... mode     3
Reading '/data/unibas/boittier/graphscan/methanol/t3/p624.p.cube'... mode     3
Reading '/home/unibas/boittier/MDCM/examples/multi-conformer/5-charmm-files/10charges.dcm'...
Reading '/home/unibas/boittier/fdcm_project/mdcms/methanol/10charges.xyz'...
Start computing local axis systems ...
Reading '/data/unibas/boittier/graphscan/methanol/t3/p1452.p.cube'... mode     4
Reading '/data/unibas/boittier/graphscan/methanol/t3/p624.p.cube'... mode     4
