first=False
 nodes_to_avg=[1482, 1711]
 local_pos=pickles/1454_clcl.obj

0.82655344541512
[0.54625956 0.99545208]
      fun: 0.5645189508924742
 hess_inv: <30x30 LbfgsInvHessProduct with dtype=float64>
      jac: array([ 1.95066180e-04, -6.55031585e-06,  3.64153152e-05, -4.48419080e-04,
       -5.63771252e-04,  4.44089210e-05,  4.39204217e-04,  6.40598668e-04,
        2.26374475e-04,  3.12083684e-04,  8.29558621e-04,  6.62803146e-05,
       -3.85247400e-04, -3.71480624e-04, -4.27324831e-04, -5.20916643e-04,
       -7.62501174e-04, -7.86037880e-05, -2.56128445e-04,  1.37667655e-04,
        4.87387908e-05, -7.30526730e-05,  6.99440506e-06,  3.90798494e-05,
       -1.08357767e-04, -9.43689571e-06,  1.41553436e-04,  1.46771484e-04,
        7.52731211e-05,  1.23012711e-04])
  message: 'CONVERGENCE: REL_REDUCTION_OF_F_<=_FACTR*EPSMCH'
     nfev: 3968
      nit: 111
     njev: 128
   status: 0
  success: True
        x: array([ 4.46469198e-01, -1.25457465e-02,  1.18338904e-02,  4.82482456e-02,
       -1.21528381e-02,  4.30349558e-02,  4.34348019e-01, -3.80504915e-01,
        1.81240964e-02,  4.49812111e-01,  3.94172996e-01,  2.23846797e-02,
        8.36665385e-01,  3.98012251e-04,  3.16981215e-01, -1.07908443e-01,
        2.46780184e-02, -3.05320077e-01,  3.01359533e-01,  6.62371724e-02,
       -7.12082182e-02,  2.54292464e-01,  1.03209993e-02,  2.65603892e-01,
       -1.99461988e-01,  3.14298368e-03,  1.30610335e-01, -1.88095406e-02,
       -3.84062351e-02,  2.35993912e-01])
0.5388075340709882
[0.46546532 0.55646229]
charge RMSD: 0.003213927100452552
Reading '/data/unibas/boittier/graphscan/methanol/t3/p1482.p.cube'... just atom number 
Reading '/data/unibas/boittier/graphscan/methanol/t3/p1482.p.cube'... mode     1
Reading '/data/unibas/boittier/graphscan/methanol/t3/p1711.p.cube'... mode     1
Reading '/data/unibas/boittier/graphscan/methanol/t3/p1482.p.cube'... mode     2
Reading '/data/unibas/boittier/graphscan/methanol/t3/p1711.p.cube'... mode     2
Reading '/data/unibas/boittier/graphscan/methanol/t3/p1482.p.cube'... mode     3
Reading '/data/unibas/boittier/graphscan/methanol/t3/p1711.p.cube'... mode     3
Reading '/home/unibas/boittier/MDCM/examples/multi-conformer/5-charmm-files/10charges.dcm'...
Reading '/home/unibas/boittier/fdcm_project/mdcms/methanol/10charges.xyz'...
Start computing local axis systems ...
Reading '/data/unibas/boittier/graphscan/methanol/t3/p1482.p.cube'... mode     4
Reading '/data/unibas/boittier/graphscan/methanol/t3/p1711.p.cube'... mode     4
