first=False
 nodes_to_avg=[1490, 488]
 local_pos=pickles/674_clcl.obj

0.6675304610543703
[0.64616533 0.60851134]
      fun: 0.47433035149595615
 hess_inv: <30x30 LbfgsInvHessProduct with dtype=float64>
      jac: array([ 3.70814480e-05, -5.35127498e-05, -3.15303339e-05,  4.50528504e-04,
        5.71209746e-05,  1.97120098e-04,  7.67719201e-05, -2.51199055e-03,
        1.14580567e-03, -3.40283348e-05, -1.60438325e-03,  1.39538381e-03,
       -8.79296660e-05,  1.59849911e-03, -6.39932534e-04,  2.40918396e-05,
        2.10270690e-03, -1.67110765e-03,  7.35522734e-05, -9.82713911e-04,
        3.15858451e-04,  3.88633570e-04, -2.04225525e-04, -2.69728684e-04,
        1.71807013e-04, -4.51028104e-04, -3.33344463e-04,  3.21631610e-04,
       -2.25430785e-04,  4.20774527e-05])
  message: 'CONVERGENCE: REL_REDUCTION_OF_F_<=_FACTR*EPSMCH'
     nfev: 3658
      nit: 106
     njev: 118
   status: 0
  success: True
        x: array([ 4.72316695e-01, -9.58937548e-03,  2.66191416e-02,  2.85551177e-02,
       -1.14438296e-02,  4.71060021e-02,  4.34911461e-01, -3.90493863e-01,
        5.99911704e-03,  4.48508127e-01,  3.75941027e-01,  3.37832549e-03,
        8.46439592e-01, -5.07923863e-03,  2.95742597e-01, -9.09972187e-02,
       -6.23390188e-05, -3.09603368e-01,  2.70198811e-01,  1.02657146e-01,
        2.23627764e-02,  1.72706941e-01, -2.06312691e-02,  1.85349626e-01,
       -1.18359077e-01,  2.31650737e-02,  2.30547320e-01, -6.24035006e-02,
       -5.65672760e-02,  1.72151918e-01])
0.45502986767126097
[0.430212   0.42786819]
charge RMSD: 0.0024125604801655616
Reading '/data/unibas/boittier/graphscan/methanol/t3/p1490.p.cube'... just atom number 
Reading '/data/unibas/boittier/graphscan/methanol/t3/p1490.p.cube'... mode     1
Reading '/data/unibas/boittier/graphscan/methanol/t3/p488.p.cube'... mode     1
Reading '/data/unibas/boittier/graphscan/methanol/t3/p1490.p.cube'... mode     2
Reading '/data/unibas/boittier/graphscan/methanol/t3/p488.p.cube'... mode     2
Reading '/data/unibas/boittier/graphscan/methanol/t3/p1490.p.cube'... mode     3
Reading '/data/unibas/boittier/graphscan/methanol/t3/p488.p.cube'... mode     3
Reading '/home/unibas/boittier/MDCM/examples/multi-conformer/5-charmm-files/10charges.dcm'...
Reading '/home/unibas/boittier/fdcm_project/mdcms/methanol/10charges.xyz'...
Start computing local axis systems ...
Reading '/data/unibas/boittier/graphscan/methanol/t3/p1490.p.cube'... mode     4
Reading '/data/unibas/boittier/graphscan/methanol/t3/p488.p.cube'... mode     4
