first=False
 nodes_to_avg=[152, 403, 537, 813, 1396, 1678, 1995, 260]
 local_pos=pickles/403_clcl.obj

0.5605096922587199
[0.60629969 0.44209656 0.50697303 0.65314257 0.56001548 0.56768624
 0.60298086 0.5173043 ]
      fun: 0.5190266486430852
 hess_inv: <30x30 LbfgsInvHessProduct with dtype=float64>
      jac: array([ 2.49800174e-04, -8.32667269e-05,  1.61981539e-04, -3.15303339e-04,
        6.81676937e-05, -3.09197113e-04,  2.23598911e-04, -7.44848607e-04,
        5.59774449e-04,  2.12607703e-04, -1.25455198e-04,  5.58220137e-04,
        1.66200391e-04,  3.09086090e-04, -1.35891298e-04, -5.13589171e-04,
        4.81170659e-04, -6.39044356e-04,  4.42978987e-05, -2.37809772e-04,
       -1.16462392e-04, -4.47419867e-05, -1.00919273e-04, -7.77156118e-06,
        1.61981535e-04, -1.51101354e-04, -1.31672451e-04, -4.51860759e-05,
        2.12940776e-04,  5.27355937e-05])
  message: 'CONVERGENCE: REL_REDUCTION_OF_F_<=_FACTR*EPSMCH'
     nfev: 6200
      nit: 175
     njev: 200
   status: 0
  success: True
        x: array([ 4.18717566e-01,  1.52297657e-02, -1.93955307e-02,  6.01252086e-03,
        3.79000574e-03,  7.30853439e-02,  4.62672955e-01, -3.23650033e-01,
       -6.88068561e-02,  4.84389840e-01,  3.15327101e-01, -6.17602883e-02,
        8.85898605e-01, -4.54517574e-03,  2.39617582e-01,  8.29143973e-04,
        7.32236564e-04, -4.63631577e-01,  2.11874941e-02,  2.88209720e-02,
       -4.05182944e-01,  3.95899637e-01, -6.38906463e-02, -9.57465588e-02,
       -3.68546534e-01, -3.29503589e-02, -2.22550809e-01, -2.83003518e-01,
        1.86783895e-01,  2.38712580e-01])
[0.49677166 0.47023377 0.5460006  0.57964736 0.50507743 0.51829805
 0.53429007 0.4640796 ]
charge RMSD: 0.0017111654138845295
Reading '/data/unibas/boittier/graphscan/methanol/t3/p152.p.cube'... just atom number 
Reading '/data/unibas/boittier/graphscan/methanol/t3/p152.p.cube'... mode     1
Reading '/data/unibas/boittier/graphscan/methanol/t3/p403.p.cube'... mode     1
Reading '/data/unibas/boittier/graphscan/methanol/t3/p537.p.cube'... mode     1
Reading '/data/unibas/boittier/graphscan/methanol/t3/p813.p.cube'... mode     1
Reading '/data/unibas/boittier/graphscan/methanol/t3/p1396.p.cube'... mode     1
Reading '/data/unibas/boittier/graphscan/methanol/t3/p1678.p.cube'... mode     1
Reading '/data/unibas/boittier/graphscan/methanol/t3/p1995.p.cube'... mode     1
Reading '/data/unibas/boittier/graphscan/methanol/t3/p260.p.cube'... mode     1
Reading '/data/unibas/boittier/graphscan/methanol/t3/p152.p.cube'... mode     2
Reading '/data/unibas/boittier/graphscan/methanol/t3/p403.p.cube'... mode     2
Reading '/data/unibas/boittier/graphscan/methanol/t3/p537.p.cube'... mode     2
Reading '/data/unibas/boittier/graphscan/methanol/t3/p813.p.cube'... mode     2
Reading '/data/unibas/boittier/graphscan/methanol/t3/p1396.p.cube'... mode     2
Reading '/data/unibas/boittier/graphscan/methanol/t3/p1678.p.cube'... mode     2
Reading '/data/unibas/boittier/graphscan/methanol/t3/p1995.p.cube'... mode     2
Reading '/data/unibas/boittier/graphscan/methanol/t3/p260.p.cube'... mode     2
Reading '/data/unibas/boittier/graphscan/methanol/t3/p152.p.cube'... mode     3
Reading '/data/unibas/boittier/graphscan/methanol/t3/p403.p.cube'... mode     3
Reading '/data/unibas/boittier/graphscan/methanol/t3/p537.p.cube'... mode     3
Reading '/data/unibas/boittier/graphscan/methanol/t3/p813.p.cube'... mode     3
Reading '/data/unibas/boittier/graphscan/methanol/t3/p1396.p.cube'... mode     3
Reading '/data/unibas/boittier/graphscan/methanol/t3/p1678.p.cube'... mode     3
Reading '/data/unibas/boittier/graphscan/methanol/t3/p1995.p.cube'... mode     3
Reading '/data/unibas/boittier/graphscan/methanol/t3/p260.p.cube'... mode     3
Reading '/home/unibas/boittier/MDCM/examples/multi-conformer/5-charmm-files/10charges.dcm'...
Reading '/home/unibas/boittier/fdcm_project/mdcms/methanol/10charges.xyz'...
Start computing local axis systems ...
Reading '/data/unibas/boittier/graphscan/methanol/t3/p152.p.cube'... mode     4
Reading '/data/unibas/boittier/graphscan/methanol/t3/p403.p.cube'... mode     4
Reading '/data/unibas/boittier/graphscan/methanol/t3/p537.p.cube'... mode     4
Reading '/data/unibas/boittier/graphscan/methanol/t3/p813.p.cube'... mode     4
Reading '/data/unibas/boittier/graphscan/methanol/t3/p1396.p.cube'... mode     4
Reading '/data/unibas/boittier/graphscan/methanol/t3/p1678.p.cube'... mode     4
Reading '/data/unibas/boittier/graphscan/methanol/t3/p1995.p.cube'... mode     4
Reading '/data/unibas/boittier/graphscan/methanol/t3/p260.p.cube'... mode     4
