first=False
 nodes_to_avg=[1632, 111, 579, 844, 1529, 1591, 1657, 2089, 2117, 1108]
 local_pos=pickles/2089_clcl.obj

0.6245469309668573
[0.66416731 0.44439378 0.52838205 0.57453693 0.69423887 0.53886515
 0.82172485 0.45222942 0.65965008 0.75119918]
      fun: 0.5315265147908046
 hess_inv: <30x30 LbfgsInvHessProduct with dtype=float64>
      jac: array([ 4.13002954e-05, -7.32747197e-06,  2.44249066e-06,  2.90323321e-04,
       -5.26245714e-05,  1.30229161e-04, -9.61342091e-04,  2.98761008e-04,
       -2.87325719e-04, -8.80850924e-04,  4.86499716e-04, -4.87943020e-04,
        6.35158610e-04, -2.00506278e-04,  6.65023574e-05,  7.08322290e-04,
       -2.99316128e-04,  5.53890252e-04,  2.66453526e-06, -4.30766534e-05,
        3.17967866e-04,  4.22994961e-05,  4.28546088e-05, -2.29483099e-04,
        5.83977311e-05, -8.48210391e-05, -5.56221736e-05,  1.28341778e-04,
        5.88418203e-05, -1.54209974e-04])
  message: 'CONVERGENCE: REL_REDUCTION_OF_F_<=_FACTR*EPSMCH'
     nfev: 3286
      nit: 94
     njev: 106
   status: 0
  success: True
        x: array([ 3.66156589e-01, -8.23853415e-03, -4.64764770e-02, -1.14481385e-02,
       -5.21928746e-04,  5.27977854e-02,  4.57189290e-01, -3.53565454e-01,
       -3.46904642e-02,  4.67557619e-01,  3.70974719e-01, -4.10784826e-02,
        8.64772365e-01,  5.00811089e-03,  2.68804144e-01, -2.63569737e-02,
        1.26794368e-02, -4.00165121e-01,  1.62725599e-01, -4.79469828e-02,
       -2.80621137e-01,  2.88686618e-01,  1.96985913e-01, -5.15762042e-02,
       -1.19449759e-01,  2.67812012e-02,  5.26584301e-02, -3.42093925e-01,
       -1.73157192e-01,  2.83904087e-01])
[0.50159313 0.38258331 0.41788479 0.43034975 0.48230936 0.49499097
 0.85965144 0.4882671  0.49214776 0.51977964]
charge RMSD: 0.0009793072647487182
Reading '/data/unibas/boittier/graphscan/methanol/t3/p1632.p.cube'... just atom number 
Reading '/data/unibas/boittier/graphscan/methanol/t3/p1632.p.cube'... mode     1
Reading '/data/unibas/boittier/graphscan/methanol/t3/p111.p.cube'... mode     1
Reading '/data/unibas/boittier/graphscan/methanol/t3/p579.p.cube'... mode     1
Reading '/data/unibas/boittier/graphscan/methanol/t3/p844.p.cube'... mode     1
Reading '/data/unibas/boittier/graphscan/methanol/t3/p1529.p.cube'... mode     1
Reading '/data/unibas/boittier/graphscan/methanol/t3/p1591.p.cube'... mode     1
Reading '/data/unibas/boittier/graphscan/methanol/t3/p1657.p.cube'... mode     1
Reading '/data/unibas/boittier/graphscan/methanol/t3/p2089.p.cube'... mode     1
Reading '/data/unibas/boittier/graphscan/methanol/t3/p2117.p.cube'... mode     1
Reading '/data/unibas/boittier/graphscan/methanol/t3/p1108.p.cube'... mode     1
Reading '/data/unibas/boittier/graphscan/methanol/t3/p1632.p.cube'... mode     2
Reading '/data/unibas/boittier/graphscan/methanol/t3/p111.p.cube'... mode     2
Reading '/data/unibas/boittier/graphscan/methanol/t3/p579.p.cube'... mode     2
Reading '/data/unibas/boittier/graphscan/methanol/t3/p844.p.cube'... mode     2
Reading '/data/unibas/boittier/graphscan/methanol/t3/p1529.p.cube'... mode     2
Reading '/data/unibas/boittier/graphscan/methanol/t3/p1591.p.cube'... mode     2
Reading '/data/unibas/boittier/graphscan/methanol/t3/p1657.p.cube'... mode     2
Reading '/data/unibas/boittier/graphscan/methanol/t3/p2089.p.cube'... mode     2
Reading '/data/unibas/boittier/graphscan/methanol/t3/p2117.p.cube'... mode     2
Reading '/data/unibas/boittier/graphscan/methanol/t3/p1108.p.cube'... mode     2
Reading '/data/unibas/boittier/graphscan/methanol/t3/p1632.p.cube'... mode     3
Reading '/data/unibas/boittier/graphscan/methanol/t3/p111.p.cube'... mode     3
Reading '/data/unibas/boittier/graphscan/methanol/t3/p579.p.cube'... mode     3
Reading '/data/unibas/boittier/graphscan/methanol/t3/p844.p.cube'... mode     3
Reading '/data/unibas/boittier/graphscan/methanol/t3/p1529.p.cube'... mode     3
Reading '/data/unibas/boittier/graphscan/methanol/t3/p1591.p.cube'... mode     3
Reading '/data/unibas/boittier/graphscan/methanol/t3/p1657.p.cube'... mode     3
Reading '/data/unibas/boittier/graphscan/methanol/t3/p2089.p.cube'... mode     3
Reading '/data/unibas/boittier/graphscan/methanol/t3/p2117.p.cube'... mode     3
Reading '/data/unibas/boittier/graphscan/methanol/t3/p1108.p.cube'... mode     3
Reading '/home/unibas/boittier/MDCM/examples/multi-conformer/5-charmm-files/10charges.dcm'...
Reading '/home/unibas/boittier/fdcm_project/mdcms/methanol/10charges.xyz'...
Start computing local axis systems ...
Reading '/data/unibas/boittier/graphscan/methanol/t3/p1632.p.cube'... mode     4
Reading '/data/unibas/boittier/graphscan/methanol/t3/p111.p.cube'... mode     4
Reading '/data/unibas/boittier/graphscan/methanol/t3/p579.p.cube'... mode     4
Reading '/data/unibas/boittier/graphscan/methanol/t3/p844.p.cube'... mode     4
Reading '/data/unibas/boittier/graphscan/methanol/t3/p1529.p.cube'... mode     4
Reading '/data/unibas/boittier/graphscan/methanol/t3/p1591.p.cube'... mode     4
Reading '/data/unibas/boittier/graphscan/methanol/t3/p1657.p.cube'... mode     4
Reading '/data/unibas/boittier/graphscan/methanol/t3/p2089.p.cube'... mode     4
Reading '/data/unibas/boittier/graphscan/methanol/t3/p2117.p.cube'... mode     4
Reading '/data/unibas/boittier/graphscan/methanol/t3/p1108.p.cube'... mode     4
