first=False
 nodes_to_avg=[185, 2399]
 local_pos=pickles/1749_clcl.obj

0.7168306583221195
[0.52559861 0.82626505]
      fun: 0.5599645398273452
 hess_inv: <30x30 LbfgsInvHessProduct with dtype=float64>
      jac: array([ 1.22124529e-06, -4.80726570e-05, -2.22044605e-06,  8.02691247e-05,
        3.36730643e-04, -1.04583009e-04,  2.90767402e-04,  2.17603707e-05,
       -2.77000645e-04,  7.67164089e-05, -2.59348091e-04,  2.06501483e-05,
       -7.51621009e-05,  2.16493490e-05,  1.62758691e-04, -4.32986980e-06,
        1.54321001e-05,  3.36064500e-04, -1.83186794e-04,  9.32587341e-05,
        1.43995926e-04, -4.50750548e-05, -6.13953333e-05, -1.63424825e-04,
       -1.33337785e-04,  1.15130128e-04, -9.24815754e-05, -8.06021916e-05,
       -4.72955009e-05, -2.43693954e-04])
  message: 'CONVERGENCE: REL_REDUCTION_OF_F_<=_FACTR*EPSMCH'
     nfev: 3689
      nit: 106
     njev: 119
   status: 0
  success: True
        x: array([ 4.01481147e-01,  5.05243124e-04, -9.17504927e-03,  2.85132066e-02,
       -4.58078766e-03,  5.18139081e-02,  4.04439061e-01, -3.82996435e-01,
        4.13040634e-02,  4.23559363e-01,  3.84199818e-01,  1.78591294e-02,
        8.18940584e-01,  7.91555110e-03,  3.19934394e-01, -1.12048941e-01,
        8.31723846e-03, -2.58466356e-01,  3.26242351e-01,  7.67823096e-02,
       -6.27844762e-03,  9.98021296e-03,  8.87040137e-02,  3.50836211e-01,
        5.68842840e-02, -2.75847645e-02,  2.62184003e-01, -8.69156365e-02,
        3.76805932e-02,  1.80149168e-01])
0.5461457203523252
[0.47521187 0.56062425]
charge RMSD: 0.0017273524298854366
Reading '/data/unibas/boittier/graphscan/methanol/t3/p185.p.cube'... just atom number 
Reading '/data/unibas/boittier/graphscan/methanol/t3/p185.p.cube'... mode     1
Reading '/data/unibas/boittier/graphscan/methanol/t3/p2399.p.cube'... mode     1
Reading '/data/unibas/boittier/graphscan/methanol/t3/p185.p.cube'... mode     2
Reading '/data/unibas/boittier/graphscan/methanol/t3/p2399.p.cube'... mode     2
Reading '/data/unibas/boittier/graphscan/methanol/t3/p185.p.cube'... mode     3
Reading '/data/unibas/boittier/graphscan/methanol/t3/p2399.p.cube'... mode     3
Reading '/home/unibas/boittier/MDCM/examples/multi-conformer/5-charmm-files/10charges.dcm'...
Reading '/home/unibas/boittier/fdcm_project/mdcms/methanol/10charges.xyz'...
Start computing local axis systems ...
Reading '/data/unibas/boittier/graphscan/methanol/t3/p185.p.cube'... mode     4
Reading '/data/unibas/boittier/graphscan/methanol/t3/p2399.p.cube'... mode     4
