first=False
 nodes_to_avg=[1897, 211, 322, 331, 379, 662, 888, 1062, 1463, 1781, 306]
 local_pos=pickles/888_clcl.obj

0.8001665118074917
[0.56146864 0.58895839 0.60122943 0.57177268 0.90579538 0.51160825
 0.42872561 0.51630598 0.50942494 0.53745238 0.43110421]
      fun: 0.756727372554716
 hess_inv: <30x30 LbfgsInvHessProduct with dtype=float64>
      jac: array([ 9.89208688e-05,  7.01660952e-05,  9.76996262e-05, -4.11670697e-04,
       -7.31636973e-04, -2.05391260e-05, -1.74082966e-04, -6.27609059e-04,
       -7.91477995e-04, -5.49671405e-04, -9.99200695e-06, -9.91984272e-04,
        7.17870228e-04,  5.96189764e-04,  6.20836698e-04,  1.28674849e-04,
        2.01616501e-04,  8.88955552e-04, -3.87245791e-04, -2.98872038e-04,
        8.23785462e-05,  1.14463991e-04,  1.09245946e-04, -4.96269692e-05,
       -7.77156096e-06, -4.10893541e-04,  4.06341627e-05, -7.21644966e-06,
        2.87547764e-04,  1.80078175e-04])
  message: 'CONVERGENCE: REL_REDUCTION_OF_F_<=_FACTR*EPSMCH'
     nfev: 5394
      nit: 159
     njev: 174
   status: 0
  success: True
        x: array([ 3.94107884e-01,  3.46413280e-03, -2.20182053e-02, -6.40248084e-03,
        1.71205422e-03,  5.54590281e-02,  4.96125018e-01, -3.51539181e-01,
       -9.98674129e-03,  4.84889747e-01,  3.33814119e-01, -7.50717132e-04,
        8.74846092e-01, -3.69288434e-03,  2.98817787e-01,  6.26778251e-02,
       -2.02368452e-02, -3.34223427e-01,  1.04829895e-01,  3.08141532e-02,
       -3.80711621e-01,  3.46779146e-01,  5.96281411e-02, -8.93266205e-02,
       -2.92688920e-01, -2.03810791e-03,  5.62803133e-02, -2.03283617e-01,
        2.28754435e-01,  8.09147424e-02])
0.7520757106741726
[0.52041308 0.56056524 0.55627042 0.4821432  0.81832756 0.44931117
 0.49364359 0.55405776 0.51148886 0.44705569 0.45149316]
charge RMSD: 0.0011629154781451505
Reading '/data/unibas/boittier/graphscan/methanol/t3/p1897.p.cube'... just atom number 
Reading '/data/unibas/boittier/graphscan/methanol/t3/p1897.p.cube'... mode     1
Reading '/data/unibas/boittier/graphscan/methanol/t3/p211.p.cube'... mode     1
Reading '/data/unibas/boittier/graphscan/methanol/t3/p322.p.cube'... mode     1
Reading '/data/unibas/boittier/graphscan/methanol/t3/p331.p.cube'... mode     1
Reading '/data/unibas/boittier/graphscan/methanol/t3/p379.p.cube'... mode     1
Reading '/data/unibas/boittier/graphscan/methanol/t3/p662.p.cube'... mode     1
Reading '/data/unibas/boittier/graphscan/methanol/t3/p888.p.cube'... mode     1
Reading '/data/unibas/boittier/graphscan/methanol/t3/p1062.p.cube'... mode     1
Reading '/data/unibas/boittier/graphscan/methanol/t3/p1463.p.cube'... mode     1
Reading '/data/unibas/boittier/graphscan/methanol/t3/p1781.p.cube'... mode     1
Reading '/data/unibas/boittier/graphscan/methanol/t3/p306.p.cube'... mode     1
Reading '/data/unibas/boittier/graphscan/methanol/t3/p1897.p.cube'... mode     2
Reading '/data/unibas/boittier/graphscan/methanol/t3/p211.p.cube'... mode     2
Reading '/data/unibas/boittier/graphscan/methanol/t3/p322.p.cube'... mode     2
Reading '/data/unibas/boittier/graphscan/methanol/t3/p331.p.cube'... mode     2
Reading '/data/unibas/boittier/graphscan/methanol/t3/p379.p.cube'... mode     2
Reading '/data/unibas/boittier/graphscan/methanol/t3/p662.p.cube'... mode     2
Reading '/data/unibas/boittier/graphscan/methanol/t3/p888.p.cube'... mode     2
Reading '/data/unibas/boittier/graphscan/methanol/t3/p1062.p.cube'... mode     2
Reading '/data/unibas/boittier/graphscan/methanol/t3/p1463.p.cube'... mode     2
Reading '/data/unibas/boittier/graphscan/methanol/t3/p1781.p.cube'... mode     2
Reading '/data/unibas/boittier/graphscan/methanol/t3/p306.p.cube'... mode     2
Reading '/data/unibas/boittier/graphscan/methanol/t3/p1897.p.cube'... mode     3
Reading '/data/unibas/boittier/graphscan/methanol/t3/p211.p.cube'... mode     3
Reading '/data/unibas/boittier/graphscan/methanol/t3/p322.p.cube'... mode     3
Reading '/data/unibas/boittier/graphscan/methanol/t3/p331.p.cube'... mode     3
Reading '/data/unibas/boittier/graphscan/methanol/t3/p379.p.cube'... mode     3
Reading '/data/unibas/boittier/graphscan/methanol/t3/p662.p.cube'... mode     3
Reading '/data/unibas/boittier/graphscan/methanol/t3/p888.p.cube'... mode     3
Reading '/data/unibas/boittier/graphscan/methanol/t3/p1062.p.cube'... mode     3
Reading '/data/unibas/boittier/graphscan/methanol/t3/p1463.p.cube'... mode     3
Reading '/data/unibas/boittier/graphscan/methanol/t3/p1781.p.cube'... mode     3
Reading '/data/unibas/boittier/graphscan/methanol/t3/p306.p.cube'... mode     3
Reading '/home/unibas/boittier/MDCM/examples/multi-conformer/5-charmm-files/10charges.dcm'...
Reading '/home/unibas/boittier/fdcm_project/mdcms/methanol/10charges.xyz'...
Start computing local axis systems ...
Reading '/data/unibas/boittier/graphscan/methanol/t3/p1897.p.cube'... mode     4
Reading '/data/unibas/boittier/graphscan/methanol/t3/p211.p.cube'... mode     4
Reading '/data/unibas/boittier/graphscan/methanol/t3/p322.p.cube'... mode     4
Reading '/data/unibas/boittier/graphscan/methanol/t3/p331.p.cube'... mode     4
Reading '/data/unibas/boittier/graphscan/methanol/t3/p379.p.cube'... mode     4
Reading '/data/unibas/boittier/graphscan/methanol/t3/p662.p.cube'... mode     4
Reading '/data/unibas/boittier/graphscan/methanol/t3/p888.p.cube'... mode     4
Reading '/data/unibas/boittier/graphscan/methanol/t3/p1062.p.cube'... mode     4
Reading '/data/unibas/boittier/graphscan/methanol/t3/p1463.p.cube'... mode     4
Reading '/data/unibas/boittier/graphscan/methanol/t3/p1781.p.cube'... mode     4
Reading '/data/unibas/boittier/graphscan/methanol/t3/p306.p.cube'... mode     4
