first=False
 nodes_to_avg=[1915, 1815]
 local_pos=pickles/100_clcl.obj

0.7400026264219691
[0.40975795 0.9383359 ]
      fun: 0.5555026825686891
 hess_inv: <30x30 LbfgsInvHessProduct with dtype=float64>
      jac: array([ 1.12021500e-04,  6.77236045e-06,  1.28341782e-04, -1.83852933e-04,
       -1.50324197e-04, -5.16697796e-04,  6.75015581e-05,  2.23154822e-05,
       -2.73336909e-04,  2.82329707e-04,  1.37334584e-04, -3.18967075e-04,
       -1.55542250e-04, -1.27675648e-04,  7.97140110e-05, -3.63487018e-04,
        4.01900735e-05,  2.26263453e-04, -2.67119652e-04, -6.25055563e-05,
        5.32907052e-06,  6.59472477e-05, -3.24740235e-04, -2.88769001e-04,
       -2.50799381e-04, -8.93729535e-05,  1.41664458e-04, -3.66373588e-06,
       -2.03281836e-04, -1.63757896e-04])
  message: 'CONVERGENCE: REL_REDUCTION_OF_F_<=_FACTR*EPSMCH'
     nfev: 3472
      nit: 100
     njev: 112
   status: 0
  success: True
        x: array([ 4.14637108e-01,  2.00908663e-02, -9.13955698e-03,  3.65345244e-03,
        7.12203892e-03,  3.39835180e-02,  4.16802654e-01, -4.10730160e-01,
        2.09280701e-03,  4.34491378e-01,  3.97744169e-01,  8.28667229e-03,
        8.33400243e-01, -1.00171449e-03,  2.59709529e-01, -1.22536171e-01,
       -1.57346026e-04, -2.47958069e-01,  3.41818701e-01,  1.31775431e-01,
       -1.25004904e-01,  1.83425408e-01,  1.82504671e-01,  2.51986340e-01,
        1.56209289e-02,  2.05609831e-02,  1.30973548e-01, -2.89921359e-01,
       -1.50530177e-01,  1.62579603e-01])
0.5464044642688695
[0.48034926 0.55547333]
charge RMSD: 0.0011372772874606852
Reading '/data/unibas/boittier/graphscan/methanol/t3/p1915.p.cube'... just atom number 
Reading '/data/unibas/boittier/graphscan/methanol/t3/p1915.p.cube'... mode     1
Reading '/data/unibas/boittier/graphscan/methanol/t3/p1815.p.cube'... mode     1
Reading '/data/unibas/boittier/graphscan/methanol/t3/p1915.p.cube'... mode     2
Reading '/data/unibas/boittier/graphscan/methanol/t3/p1815.p.cube'... mode     2
Reading '/data/unibas/boittier/graphscan/methanol/t3/p1915.p.cube'... mode     3
Reading '/data/unibas/boittier/graphscan/methanol/t3/p1815.p.cube'... mode     3
Reading '/home/unibas/boittier/MDCM/examples/multi-conformer/5-charmm-files/10charges.dcm'...
Reading '/home/unibas/boittier/fdcm_project/mdcms/methanol/10charges.xyz'...
Start computing local axis systems ...
Reading '/data/unibas/boittier/graphscan/methanol/t3/p1915.p.cube'... mode     4
Reading '/data/unibas/boittier/graphscan/methanol/t3/p1815.p.cube'... mode     4
