first=False
 nodes_to_avg=[1603]
 local_pos=pickles/1161_clcl.obj

0.9160558365865176
[0.91605584]
      fun: 0.4056499408480338
 hess_inv: <30x30 LbfgsInvHessProduct with dtype=float64>
      jac: array([ 1.56485931e-04,  8.57647287e-05,  1.14908083e-05, -5.10702592e-04,
       -5.37903056e-04,  1.98840944e-04,  1.32061025e-03,  8.56259484e-04,
       -6.14841511e-04,  1.40026875e-03,  8.64475135e-04, -4.79116746e-04,
       -8.92730359e-04, -6.67799149e-04,  7.72770715e-04, -1.12221343e-03,
       -7.21422921e-04, -1.49491526e-04,  2.41306968e-04,  2.37254660e-04,
        4.65183448e-05, -4.01345624e-05, -3.71924713e-06,  7.06656936e-05,
        5.66768854e-05, -3.38062911e-05, -2.25375274e-04,  2.90767410e-04,
       -1.20958799e-04,  8.94839758e-05])
  message: 'CONVERGENCE: REL_REDUCTION_OF_F_<=_FACTR*EPSMCH'
     nfev: 3503
      nit: 97
     njev: 113
   status: 0
  success: True
        x: array([ 4.85506070e-01, -1.14868892e-02,  3.43993435e-02,  6.05586686e-02,
       -9.40754848e-03,  5.91351957e-02,  4.37314496e-01, -3.89619797e-01,
        8.94583446e-03,  4.49097969e-01,  3.89260663e-01,  3.92802277e-03,
        8.60849273e-01, -3.48761093e-03,  3.21040605e-01, -1.34282004e-01,
        4.94556793e-03, -3.56450677e-01,  3.32705271e-01,  2.51373744e-02,
       -4.26992479e-02,  1.04727247e-01, -1.51436907e-02,  3.33392766e-01,
       -6.42594631e-02, -4.46977384e-04,  1.18131804e-01, -8.16277509e-02,
       -2.70343502e-03,  2.32580818e-01])
0.3777808443442465
[0.37778084]
charge RMSD: 0.0018579397633526579
Reading '/data/unibas/boittier/graphscan/methanol/t3/p1603.p.cube'... just atom number 
Reading '/data/unibas/boittier/graphscan/methanol/t3/p1603.p.cube'... mode     1
Reading '/data/unibas/boittier/graphscan/methanol/t3/p1603.p.cube'... mode     2
Reading '/data/unibas/boittier/graphscan/methanol/t3/p1603.p.cube'... mode     3
Reading '/home/unibas/boittier/MDCM/examples/multi-conformer/5-charmm-files/10charges.dcm'...
Reading '/home/unibas/boittier/fdcm_project/mdcms/methanol/10charges.xyz'...
Start computing local axis systems ...
Reading '/data/unibas/boittier/graphscan/methanol/t3/p1603.p.cube'... mode     4
