first=False
 nodes_to_avg=[22, 857, 1062, 1187, 1304, 1453, 1904, 1958, 2070, 1580]
 local_pos=pickles/1904_clcl.obj

0.8330867697756635
[0.51450913 0.52027653 0.58681726 0.74029776 0.5990427  0.57345035
 0.46704188 0.69264133 0.50334586 0.89488173]
      fun: 0.7600950735623403
 hess_inv: <30x30 LbfgsInvHessProduct with dtype=float64>
      jac: array([ 1.49769082e-04, -3.79696274e-05,  2.94209102e-05, -2.62123656e-04,
        1.78301818e-04,  1.20015109e-04,  1.97619693e-05,  1.76969545e-04,
       -1.49547041e-04,  1.67754694e-04,  6.42708091e-04, -8.68194406e-05,
        2.90878441e-05, -1.72306613e-04,  8.03801448e-05, -5.08926235e-04,
        4.78506123e-05, -1.38222763e-04,  2.77555756e-06, -4.12225809e-04,
       -2.59459114e-04,  1.73194787e-05,  2.19380070e-04, -2.62345701e-04,
        1.64868115e-04,  1.10911280e-04,  1.01807451e-04, -5.62883074e-05,
        2.20601315e-04,  1.08246742e-04])
  message: 'CONVERGENCE: REL_REDUCTION_OF_F_<=_FACTR*EPSMCH'
     nfev: 5642
      nit: 159
     njev: 182
   status: 0
  success: True
        x: array([ 0.40665528,  0.00743347, -0.02016794,  0.03152614,  0.00129351,
        0.07886597,  0.46450801, -0.32508128, -0.03709974,  0.46862152,
        0.31566353, -0.03138302,  0.87050647, -0.00318786,  0.30179658,
        0.00230633, -0.00771299, -0.45645122,  0.01550048,  0.00967558,
       -0.43923474,  0.32382519,  0.03590805, -0.07478434, -0.29421014,
        0.05088899, -0.04078985, -0.14234723,  0.10389086,  0.32764083])
0.7553080377695573
[0.43980218 0.43197666 0.58471342 0.59356153 0.50423162 0.54861542
 0.51913902 0.65242825 0.49385949 0.75251243]
charge RMSD: 0.0011967589494017057
Reading '/data/unibas/boittier/graphscan/methanol/t3/p22.p.cube'... just atom number 
Reading '/data/unibas/boittier/graphscan/methanol/t3/p22.p.cube'... mode     1
Reading '/data/unibas/boittier/graphscan/methanol/t3/p857.p.cube'... mode     1
Reading '/data/unibas/boittier/graphscan/methanol/t3/p1062.p.cube'... mode     1
Reading '/data/unibas/boittier/graphscan/methanol/t3/p1187.p.cube'... mode     1
Reading '/data/unibas/boittier/graphscan/methanol/t3/p1304.p.cube'... mode     1
Reading '/data/unibas/boittier/graphscan/methanol/t3/p1453.p.cube'... mode     1
Reading '/data/unibas/boittier/graphscan/methanol/t3/p1904.p.cube'... mode     1
Reading '/data/unibas/boittier/graphscan/methanol/t3/p1958.p.cube'... mode     1
Reading '/data/unibas/boittier/graphscan/methanol/t3/p2070.p.cube'... mode     1
Reading '/data/unibas/boittier/graphscan/methanol/t3/p1580.p.cube'... mode     1
Reading '/data/unibas/boittier/graphscan/methanol/t3/p22.p.cube'... mode     2
Reading '/data/unibas/boittier/graphscan/methanol/t3/p857.p.cube'... mode     2
Reading '/data/unibas/boittier/graphscan/methanol/t3/p1062.p.cube'... mode     2
Reading '/data/unibas/boittier/graphscan/methanol/t3/p1187.p.cube'... mode     2
Reading '/data/unibas/boittier/graphscan/methanol/t3/p1304.p.cube'... mode     2
Reading '/data/unibas/boittier/graphscan/methanol/t3/p1453.p.cube'... mode     2
Reading '/data/unibas/boittier/graphscan/methanol/t3/p1904.p.cube'... mode     2
Reading '/data/unibas/boittier/graphscan/methanol/t3/p1958.p.cube'... mode     2
Reading '/data/unibas/boittier/graphscan/methanol/t3/p2070.p.cube'... mode     2
Reading '/data/unibas/boittier/graphscan/methanol/t3/p1580.p.cube'... mode     2
Reading '/data/unibas/boittier/graphscan/methanol/t3/p22.p.cube'... mode     3
Reading '/data/unibas/boittier/graphscan/methanol/t3/p857.p.cube'... mode     3
Reading '/data/unibas/boittier/graphscan/methanol/t3/p1062.p.cube'... mode     3
Reading '/data/unibas/boittier/graphscan/methanol/t3/p1187.p.cube'... mode     3
Reading '/data/unibas/boittier/graphscan/methanol/t3/p1304.p.cube'... mode     3
Reading '/data/unibas/boittier/graphscan/methanol/t3/p1453.p.cube'... mode     3
Reading '/data/unibas/boittier/graphscan/methanol/t3/p1904.p.cube'... mode     3
Reading '/data/unibas/boittier/graphscan/methanol/t3/p1958.p.cube'... mode     3
Reading '/data/unibas/boittier/graphscan/methanol/t3/p2070.p.cube'... mode     3
Reading '/data/unibas/boittier/graphscan/methanol/t3/p1580.p.cube'... mode     3
Reading '/home/unibas/boittier/MDCM/examples/multi-conformer/5-charmm-files/10charges.dcm'...
Reading '/home/unibas/boittier/fdcm_project/mdcms/methanol/10charges.xyz'...
Start computing local axis systems ...
Reading '/data/unibas/boittier/graphscan/methanol/t3/p22.p.cube'... mode     4
Reading '/data/unibas/boittier/graphscan/methanol/t3/p857.p.cube'... mode     4
Reading '/data/unibas/boittier/graphscan/methanol/t3/p1062.p.cube'... mode     4
Reading '/data/unibas/boittier/graphscan/methanol/t3/p1187.p.cube'... mode     4
Reading '/data/unibas/boittier/graphscan/methanol/t3/p1304.p.cube'... mode     4
Reading '/data/unibas/boittier/graphscan/methanol/t3/p1453.p.cube'... mode     4
Reading '/data/unibas/boittier/graphscan/methanol/t3/p1904.p.cube'... mode     4
Reading '/data/unibas/boittier/graphscan/methanol/t3/p1958.p.cube'... mode     4
Reading '/data/unibas/boittier/graphscan/methanol/t3/p2070.p.cube'... mode     4
Reading '/data/unibas/boittier/graphscan/methanol/t3/p1580.p.cube'... mode     4
