first=False
 nodes_to_avg=[2368, 2150]
 local_pos=pickles/360_clcl.obj

0.7027599441323433
[0.50180441 0.81901901]
      fun: 0.6317401432841943
 hess_inv: <30x30 LbfgsInvHessProduct with dtype=float64>
      jac: array([-7.08322270e-05, -5.32907052e-06, -1.14352972e-05,  7.04436509e-04,
        1.30895295e-04,  3.12527782e-04, -3.72701859e-04, -1.32793772e-03,
       -1.03095310e-03, -8.51763081e-04, -9.83768595e-04, -8.36997139e-04,
        9.06053036e-04,  9.85100889e-04,  4.85500515e-04,  1.65756298e-04,
        9.59454738e-04,  9.20818977e-04, -1.01474382e-04, -1.19793064e-04,
       -4.65516514e-04, -2.00506278e-04, -3.61932706e-04, -8.93729510e-05,
        1.03583808e-04,  1.05582210e-04,  3.29958283e-04,  2.84439139e-04,
        2.38808973e-04,  9.21485111e-05])
  message: 'CONVERGENCE: REL_REDUCTION_OF_F_<=_FACTR*EPSMCH'
     nfev: 3069
      nit: 89
     njev: 99
   status: 0
  success: True
        x: array([ 0.39999216,  0.01007669, -0.01192647, -0.01778365,  0.0093069 ,
        0.03754047,  0.43093064, -0.39631389,  0.01574229,  0.43330861,
        0.40103639,  0.02290068,  0.80410188, -0.00515752,  0.30772713,
       -0.06725194,  0.00131767, -0.24902676,  0.39759698, -0.09934435,
       -0.15752784,  0.13223797,  0.23585398,  0.25358289, -0.15254556,
        0.16740823, -0.05345188, -0.23797526, -0.07225497,  0.21622153])
0.6203187486715815
[0.55404854 0.62118051]
charge RMSD: 0.0014276743255928997
Reading '/data/unibas/boittier/graphscan/methanol/t3/p2368.p.cube'... just atom number 
Reading '/data/unibas/boittier/graphscan/methanol/t3/p2368.p.cube'... mode     1
Reading '/data/unibas/boittier/graphscan/methanol/t3/p2150.p.cube'... mode     1
Reading '/data/unibas/boittier/graphscan/methanol/t3/p2368.p.cube'... mode     2
Reading '/data/unibas/boittier/graphscan/methanol/t3/p2150.p.cube'... mode     2
Reading '/data/unibas/boittier/graphscan/methanol/t3/p2368.p.cube'... mode     3
Reading '/data/unibas/boittier/graphscan/methanol/t3/p2150.p.cube'... mode     3
Reading '/home/unibas/boittier/MDCM/examples/multi-conformer/5-charmm-files/10charges.dcm'...
Reading '/home/unibas/boittier/fdcm_project/mdcms/methanol/10charges.xyz'...
Start computing local axis systems ...
Reading '/data/unibas/boittier/graphscan/methanol/t3/p2368.p.cube'... mode     4
Reading '/data/unibas/boittier/graphscan/methanol/t3/p2150.p.cube'... mode     4
