first=False
 nodes_to_avg=[2368, 629]
 local_pos=pickles/360_clcl.obj

0.6169788959396487
[0.50180441 0.66779647]
      fun: 0.5034172773754206
 hess_inv: <30x30 LbfgsInvHessProduct with dtype=float64>
      jac: array([-3.60822473e-05,  3.00315328e-04, -7.22755189e-05,  4.10227408e-04,
       -1.28053124e-03,  6.49924559e-04, -9.73665566e-05,  2.31936686e-03,
       -5.34017275e-04,  2.66009429e-04,  2.69417814e-03, -1.38777878e-04,
        1.11022306e-06, -2.00484074e-03,  5.60107501e-04,  2.77444734e-04,
       -1.99840144e-03,  2.29372071e-04, -2.43027813e-04,  3.66151554e-04,
        1.83741911e-04, -1.04360964e-04,  4.75619544e-04, -8.45989922e-05,
       -1.90403249e-04,  2.13384865e-04,  4.27435865e-05, -2.50466314e-04,
        5.24025268e-04, -1.80189197e-04])
  message: 'CONVERGENCE: REL_REDUCTION_OF_F_<=_FACTR*EPSMCH'
     nfev: 3720
      nit: 104
     njev: 120
   status: 0
  success: True
        x: array([ 0.40006813,  0.01019246, -0.01260336, -0.01150303,  0.00600978,
        0.04847077,  0.4335139 , -0.37788007,  0.01008954,  0.43900147,
        0.38397406,  0.01395983,  0.80483338, -0.00467215,  0.31887364,
       -0.03733701,  0.0032149 , -0.28912653,  0.33710094, -0.11207646,
       -0.13665446,  0.10424628,  0.21830262,  0.26033332, -0.14379792,
        0.15077784, -0.08061434, -0.22226466, -0.05963336,  0.19834349])
0.49680994671447043
[0.45903091 0.48000826]
charge RMSD: 0.0008259163327929067
Reading '/data/unibas/boittier/graphscan/methanol/t3/p2368.p.cube'... just atom number 
Reading '/data/unibas/boittier/graphscan/methanol/t3/p2368.p.cube'... mode     1
Reading '/data/unibas/boittier/graphscan/methanol/t3/p629.p.cube'... mode     1
Reading '/data/unibas/boittier/graphscan/methanol/t3/p2368.p.cube'... mode     2
Reading '/data/unibas/boittier/graphscan/methanol/t3/p629.p.cube'... mode     2
Reading '/data/unibas/boittier/graphscan/methanol/t3/p2368.p.cube'... mode     3
Reading '/data/unibas/boittier/graphscan/methanol/t3/p629.p.cube'... mode     3
Reading '/home/unibas/boittier/MDCM/examples/multi-conformer/5-charmm-files/10charges.dcm'...
Reading '/home/unibas/boittier/fdcm_project/mdcms/methanol/10charges.xyz'...
Start computing local axis systems ...
Reading '/data/unibas/boittier/graphscan/methanol/t3/p2368.p.cube'... mode     4
Reading '/data/unibas/boittier/graphscan/methanol/t3/p629.p.cube'... mode     4
