first=False
 nodes_to_avg=[260, 152, 852, 1274, 1396, 1621, 1806, 2161, 2282, 782]
 local_pos=pickles/152_clcl.obj

0.9717797432078427
[0.47986213 0.49970544 0.89570124 0.76094671 0.51033355 0.86111735
 0.92879357 0.58781706 0.64289027 0.68337687]
      fun: 0.8985716584990026
 hess_inv: <30x30 LbfgsInvHessProduct with dtype=float64>
      jac: array([ 2.47801772e-04,  9.44799794e-05, -4.22994973e-05, -8.42326209e-04,
       -1.64646074e-04,  5.84976512e-04,  1.05926376e-03,  1.30340180e-04,
       -8.29669667e-04,  4.26436652e-04,  1.70641274e-04, -7.36521955e-04,
       -6.36490878e-04,  1.75970349e-04,  5.14477336e-04, -6.13176177e-04,
       -3.79696275e-04,  9.55346887e-04, -6.64024391e-04,  2.22044605e-06,
       -2.58792980e-04, -2.98649985e-05, -1.18682841e-04,  9.41469125e-05,
       -4.40758529e-05, -1.14797061e-04, -1.59428026e-04,  7.26085838e-05,
        5.36237721e-05,  1.15463195e-05])
  message: 'CONVERGENCE: REL_REDUCTION_OF_F_<=_FACTR*EPSMCH'
     nfev: 5301
      nit: 151
     njev: 171
   status: 0
  success: True
        x: array([ 4.30054990e-01,  1.35828609e-02, -1.16181701e-02,  1.21742692e-02,
        6.99857333e-03,  7.83630666e-02,  4.75691567e-01, -3.16912229e-01,
       -6.49290498e-02,  4.70434375e-01,  3.06411099e-01, -5.09681773e-02,
        8.79865451e-01,  2.88277297e-04,  2.55067869e-01,  1.58780914e-02,
       -1.14904364e-02, -4.61109777e-01,  1.08386222e-02,  5.18651420e-02,
       -4.09881265e-01,  3.63933252e-01, -3.28529153e-02, -2.29089295e-01,
       -3.03712960e-01, -6.79672102e-02, -1.38486059e-01, -2.74261466e-01,
        2.46601159e-01,  2.47456857e-01])
0.8911344156884953
[0.39135152 0.56026682 0.69980109 0.73923061 0.49933302 0.7708255
 0.98934106 0.47905428 0.51579543 0.53441352]
charge RMSD: 0.001859310702564836
Reading '/data/unibas/boittier/graphscan/methanol/t3/p260.p.cube'... just atom number 
Reading '/data/unibas/boittier/graphscan/methanol/t3/p260.p.cube'... mode     1
Reading '/data/unibas/boittier/graphscan/methanol/t3/p152.p.cube'... mode     1
Reading '/data/unibas/boittier/graphscan/methanol/t3/p852.p.cube'... mode     1
Reading '/data/unibas/boittier/graphscan/methanol/t3/p1274.p.cube'... mode     1
Reading '/data/unibas/boittier/graphscan/methanol/t3/p1396.p.cube'... mode     1
Reading '/data/unibas/boittier/graphscan/methanol/t3/p1621.p.cube'... mode     1
Reading '/data/unibas/boittier/graphscan/methanol/t3/p1806.p.cube'... mode     1
Reading '/data/unibas/boittier/graphscan/methanol/t3/p2161.p.cube'... mode     1
Reading '/data/unibas/boittier/graphscan/methanol/t3/p2282.p.cube'... mode     1
Reading '/data/unibas/boittier/graphscan/methanol/t3/p782.p.cube'... mode     1
Reading '/data/unibas/boittier/graphscan/methanol/t3/p260.p.cube'... mode     2
Reading '/data/unibas/boittier/graphscan/methanol/t3/p152.p.cube'... mode     2
Reading '/data/unibas/boittier/graphscan/methanol/t3/p852.p.cube'... mode     2
Reading '/data/unibas/boittier/graphscan/methanol/t3/p1274.p.cube'... mode     2
Reading '/data/unibas/boittier/graphscan/methanol/t3/p1396.p.cube'... mode     2
Reading '/data/unibas/boittier/graphscan/methanol/t3/p1621.p.cube'... mode     2
Reading '/data/unibas/boittier/graphscan/methanol/t3/p1806.p.cube'... mode     2
Reading '/data/unibas/boittier/graphscan/methanol/t3/p2161.p.cube'... mode     2
Reading '/data/unibas/boittier/graphscan/methanol/t3/p2282.p.cube'... mode     2
Reading '/data/unibas/boittier/graphscan/methanol/t3/p782.p.cube'... mode     2
Reading '/data/unibas/boittier/graphscan/methanol/t3/p260.p.cube'... mode     3
Reading '/data/unibas/boittier/graphscan/methanol/t3/p152.p.cube'... mode     3
Reading '/data/unibas/boittier/graphscan/methanol/t3/p852.p.cube'... mode     3
Reading '/data/unibas/boittier/graphscan/methanol/t3/p1274.p.cube'... mode     3
Reading '/data/unibas/boittier/graphscan/methanol/t3/p1396.p.cube'... mode     3
Reading '/data/unibas/boittier/graphscan/methanol/t3/p1621.p.cube'... mode     3
Reading '/data/unibas/boittier/graphscan/methanol/t3/p1806.p.cube'... mode     3
Reading '/data/unibas/boittier/graphscan/methanol/t3/p2161.p.cube'... mode     3
Reading '/data/unibas/boittier/graphscan/methanol/t3/p2282.p.cube'... mode     3
Reading '/data/unibas/boittier/graphscan/methanol/t3/p782.p.cube'... mode     3
Reading '/home/unibas/boittier/MDCM/examples/multi-conformer/5-charmm-files/10charges.dcm'...
Reading '/home/unibas/boittier/fdcm_project/mdcms/methanol/10charges.xyz'...
Start computing local axis systems ...
Reading '/data/unibas/boittier/graphscan/methanol/t3/p260.p.cube'... mode     4
Reading '/data/unibas/boittier/graphscan/methanol/t3/p152.p.cube'... mode     4
Reading '/data/unibas/boittier/graphscan/methanol/t3/p852.p.cube'... mode     4
Reading '/data/unibas/boittier/graphscan/methanol/t3/p1274.p.cube'... mode     4
Reading '/data/unibas/boittier/graphscan/methanol/t3/p1396.p.cube'... mode     4
Reading '/data/unibas/boittier/graphscan/methanol/t3/p1621.p.cube'... mode     4
Reading '/data/unibas/boittier/graphscan/methanol/t3/p1806.p.cube'... mode     4
Reading '/data/unibas/boittier/graphscan/methanol/t3/p2161.p.cube'... mode     4
Reading '/data/unibas/boittier/graphscan/methanol/t3/p2282.p.cube'... mode     4
Reading '/data/unibas/boittier/graphscan/methanol/t3/p782.p.cube'... mode     4
