first=False
 nodes_to_avg=[30, 1311]
 local_pos=pickles/827_clcl.obj

0.5996689824603898
[0.54047186 0.59503971]
      fun: 0.44927759215044943
 hess_inv: <30x30 LbfgsInvHessProduct with dtype=float64>
      jac: array([-1.38167252e-04,  1.20459198e-05,  1.74471548e-04,  9.24815780e-04,
       -2.86271007e-04, -6.71962486e-04, -2.34906532e-03,  1.31061824e-04,
        1.23756561e-03, -1.92679201e-03, -7.82152100e-05,  1.39011025e-03,
        1.46171968e-03, -1.19293464e-04, -7.72493159e-04,  1.93639549e-03,
        2.83884028e-04, -1.04266593e-03,  3.79640763e-04, -1.55653268e-04,
        3.93129973e-04,  1.96176409e-04,  1.31616940e-04,  7.06101844e-05,
        5.50670621e-05,  1.20237154e-04, -6.13953333e-05, -2.28150832e-05,
       -1.77746706e-04, -9.79216708e-05])
  message: 'CONVERGENCE: REL_REDUCTION_OF_F_<=_FACTR*EPSMCH'
     nfev: 3999
      nit: 111
     njev: 129
   status: 0
  success: True
        x: array([ 0.42092594, -0.00093826, -0.01354056, -0.01701579, -0.01875366,
        0.06022084,  0.42838789, -0.35466157,  0.0014501 ,  0.47195915,
        0.36831936, -0.01606633,  0.83083183,  0.01164969,  0.2959232 ,
       -0.00540742,  0.03520691, -0.31349261,  0.23301716,  0.14499329,
       -0.00476142,  0.15091161,  0.16012189,  0.1972445 ,  0.04976874,
        0.01805566,  0.08940202, -0.16700311, -0.09234657,  0.05338794])
0.44052442323330376
[0.40734362 0.42511362]
charge RMSD: 0.0010941461204669034
Reading '/data/unibas/boittier/graphscan/methanol/t3/p30.p.cube'... just atom number 
Reading '/data/unibas/boittier/graphscan/methanol/t3/p30.p.cube'... mode     1
Reading '/data/unibas/boittier/graphscan/methanol/t3/p1311.p.cube'... mode     1
Reading '/data/unibas/boittier/graphscan/methanol/t3/p30.p.cube'... mode     2
Reading '/data/unibas/boittier/graphscan/methanol/t3/p1311.p.cube'... mode     2
Reading '/data/unibas/boittier/graphscan/methanol/t3/p30.p.cube'... mode     3
Reading '/data/unibas/boittier/graphscan/methanol/t3/p1311.p.cube'... mode     3
Reading '/home/unibas/boittier/MDCM/examples/multi-conformer/5-charmm-files/10charges.dcm'...
Reading '/home/unibas/boittier/fdcm_project/mdcms/methanol/10charges.xyz'...
Start computing local axis systems ...
Reading '/data/unibas/boittier/graphscan/methanol/t3/p30.p.cube'... mode     4
Reading '/data/unibas/boittier/graphscan/methanol/t3/p1311.p.cube'... mode     4
