first=False
 nodes_to_avg=[357, 1344]
 local_pos=pickles/1101_clcl.obj

0.6516223991609151
[0.44450379 0.77674344]
      fun: 0.5588917803079467
 hess_inv: <30x30 LbfgsInvHessProduct with dtype=float64>
      jac: array([-2.58681958e-05, -1.05915277e-04, -3.44169138e-06,  1.97508676e-04,
        3.73701070e-04,  2.37587727e-05, -2.02171607e-04, -1.33693053e-03,
       -4.09006162e-04, -7.40518737e-05, -1.09723339e-03, -2.79443135e-04,
        8.68194430e-05,  9.03166430e-04,  5.29909435e-04,  2.48689958e-04,
        1.39788181e-03,  3.60711451e-04, -2.13162821e-05, -5.82645043e-04,
        1.97841743e-04,  2.68340898e-04, -2.42028619e-04,  9.92539357e-05,
        2.62012634e-05, -1.34670053e-04, -2.53574939e-04,  9.10382881e-06,
       -6.92779168e-05, -6.22835117e-05])
  message: 'CONVERGENCE: REL_REDUCTION_OF_F_<=_FACTR*EPSMCH'
     nfev: 3751
      nit: 110
     njev: 121
   status: 0
  success: True
        x: array([ 0.44579373, -0.01293202,  0.0038996 ,  0.01459347, -0.0018054 ,
        0.05996801,  0.42542401, -0.33924566, -0.01339831,  0.44296741,
        0.37612255, -0.01319407,  0.82595732,  0.00734442,  0.32423624,
       -0.04165601,  0.03907434, -0.39131496,  0.18258409, -0.0057129 ,
        0.01922354,  0.26364827,  0.04303576,  0.37542838, -0.17701479,
       -0.11693595,  0.02526038,  0.12562472,  0.14999222,  0.19510468])
0.5525914665711554
[0.48698658 0.56064629]
charge RMSD: 0.0007875392173186804
Reading '/data/unibas/boittier/graphscan/methanol/t3/p357.p.cube'... just atom number 
Reading '/data/unibas/boittier/graphscan/methanol/t3/p357.p.cube'... mode     1
Reading '/data/unibas/boittier/graphscan/methanol/t3/p1344.p.cube'... mode     1
Reading '/data/unibas/boittier/graphscan/methanol/t3/p357.p.cube'... mode     2
Reading '/data/unibas/boittier/graphscan/methanol/t3/p1344.p.cube'... mode     2
Reading '/data/unibas/boittier/graphscan/methanol/t3/p357.p.cube'... mode     3
Reading '/data/unibas/boittier/graphscan/methanol/t3/p1344.p.cube'... mode     3
Reading '/home/unibas/boittier/MDCM/examples/multi-conformer/5-charmm-files/10charges.dcm'...
Reading '/home/unibas/boittier/fdcm_project/mdcms/methanol/10charges.xyz'...
Start computing local axis systems ...
Reading '/data/unibas/boittier/graphscan/methanol/t3/p357.p.cube'... mode     4
Reading '/data/unibas/boittier/graphscan/methanol/t3/p1344.p.cube'... mode     4
