first=False
 nodes_to_avg=[473, 322, 337, 662, 961, 1309, 1327, 2182, 2209, 654]
 local_pos=pickles/662_clcl.obj

0.9103924512733579
[0.6581458  0.58280641 0.54668131 0.46167432 0.44311036 0.68486289
 0.74810227 0.63076707 1.04306527 0.52754654]
      fun: 0.7955116513730278
 hess_inv: <30x30 LbfgsInvHessProduct with dtype=float64>
      jac: array([ 2.83328908e-04, -7.10542736e-06,  2.14050999e-04, -3.93463040e-04,
       -1.70974346e-05, -3.62487818e-04,  4.19109180e-04, -3.77253773e-04,
       -2.79554158e-04,  1.74638077e-04, -2.99649186e-04, -2.97095681e-04,
        1.55764295e-04,  4.73732165e-04,  3.36841656e-04, -1.03361764e-03,
        3.01536574e-04,  4.82502913e-04, -3.53828078e-04, -1.28785871e-04,
       -2.25153223e-04, -4.17443846e-05,  9.82547376e-05, -3.63042929e-05,
        1.44217971e-04, -3.43169937e-04,  5.00821607e-04,  5.95079525e-05,
        2.98872030e-04,  2.38697950e-04])
  message: 'CONVERGENCE: REL_REDUCTION_OF_F_<=_FACTR*EPSMCH'
     nfev: 4991
      nit: 147
     njev: 161
   status: 0
  success: True
        x: array([ 3.64968907e-01,  3.38853680e-03, -3.46818586e-02,  2.06625869e-03,
       -7.49810091e-04,  5.52015593e-02,  4.84908376e-01, -3.45319468e-01,
       -5.13774241e-03,  4.82399846e-01,  3.24113627e-01, -1.00675741e-03,
        8.85501569e-01, -8.42948075e-03,  3.12143445e-01,  2.34676670e-02,
       -2.20230286e-02, -3.72819203e-01,  2.51149475e-02, -2.90550773e-02,
       -4.26123796e-01,  2.55702945e-01, -6.38550891e-03, -6.91080321e-02,
       -2.48392848e-01, -3.19712395e-02,  1.91266057e-02, -3.60101599e-01,
        2.55558238e-01,  1.11040138e-01])
0.7892293573115996
[0.4553841  0.61119332 0.5300177  0.66449955 0.52364705 0.48341882
 0.55788954 0.49843609 0.80675155 0.42575435]
charge RMSD: 0.001570573514926609
Reading '/data/unibas/boittier/graphscan/methanol/t3/p473.p.cube'... just atom number 
Reading '/data/unibas/boittier/graphscan/methanol/t3/p473.p.cube'... mode     1
Reading '/data/unibas/boittier/graphscan/methanol/t3/p322.p.cube'... mode     1
Reading '/data/unibas/boittier/graphscan/methanol/t3/p337.p.cube'... mode     1
Reading '/data/unibas/boittier/graphscan/methanol/t3/p662.p.cube'... mode     1
Reading '/data/unibas/boittier/graphscan/methanol/t3/p961.p.cube'... mode     1
Reading '/data/unibas/boittier/graphscan/methanol/t3/p1309.p.cube'... mode     1
Reading '/data/unibas/boittier/graphscan/methanol/t3/p1327.p.cube'... mode     1
Reading '/data/unibas/boittier/graphscan/methanol/t3/p2182.p.cube'... mode     1
Reading '/data/unibas/boittier/graphscan/methanol/t3/p2209.p.cube'... mode     1
Reading '/data/unibas/boittier/graphscan/methanol/t3/p654.p.cube'... mode     1
Reading '/data/unibas/boittier/graphscan/methanol/t3/p473.p.cube'... mode     2
Reading '/data/unibas/boittier/graphscan/methanol/t3/p322.p.cube'... mode     2
Reading '/data/unibas/boittier/graphscan/methanol/t3/p337.p.cube'... mode     2
Reading '/data/unibas/boittier/graphscan/methanol/t3/p662.p.cube'... mode     2
Reading '/data/unibas/boittier/graphscan/methanol/t3/p961.p.cube'... mode     2
Reading '/data/unibas/boittier/graphscan/methanol/t3/p1309.p.cube'... mode     2
Reading '/data/unibas/boittier/graphscan/methanol/t3/p1327.p.cube'... mode     2
Reading '/data/unibas/boittier/graphscan/methanol/t3/p2182.p.cube'... mode     2
Reading '/data/unibas/boittier/graphscan/methanol/t3/p2209.p.cube'... mode     2
Reading '/data/unibas/boittier/graphscan/methanol/t3/p654.p.cube'... mode     2
Reading '/data/unibas/boittier/graphscan/methanol/t3/p473.p.cube'... mode     3
Reading '/data/unibas/boittier/graphscan/methanol/t3/p322.p.cube'... mode     3
Reading '/data/unibas/boittier/graphscan/methanol/t3/p337.p.cube'... mode     3
Reading '/data/unibas/boittier/graphscan/methanol/t3/p662.p.cube'... mode     3
Reading '/data/unibas/boittier/graphscan/methanol/t3/p961.p.cube'... mode     3
Reading '/data/unibas/boittier/graphscan/methanol/t3/p1309.p.cube'... mode     3
Reading '/data/unibas/boittier/graphscan/methanol/t3/p1327.p.cube'... mode     3
Reading '/data/unibas/boittier/graphscan/methanol/t3/p2182.p.cube'... mode     3
Reading '/data/unibas/boittier/graphscan/methanol/t3/p2209.p.cube'... mode     3
Reading '/data/unibas/boittier/graphscan/methanol/t3/p654.p.cube'... mode     3
Reading '/home/unibas/boittier/MDCM/examples/multi-conformer/5-charmm-files/10charges.dcm'...
Reading '/home/unibas/boittier/fdcm_project/mdcms/methanol/10charges.xyz'...
Start computing local axis systems ...
Reading '/data/unibas/boittier/graphscan/methanol/t3/p473.p.cube'... mode     4
Reading '/data/unibas/boittier/graphscan/methanol/t3/p322.p.cube'... mode     4
Reading '/data/unibas/boittier/graphscan/methanol/t3/p337.p.cube'... mode     4
Reading '/data/unibas/boittier/graphscan/methanol/t3/p662.p.cube'... mode     4
Reading '/data/unibas/boittier/graphscan/methanol/t3/p961.p.cube'... mode     4
Reading '/data/unibas/boittier/graphscan/methanol/t3/p1309.p.cube'... mode     4
Reading '/data/unibas/boittier/graphscan/methanol/t3/p1327.p.cube'... mode     4
Reading '/data/unibas/boittier/graphscan/methanol/t3/p2182.p.cube'... mode     4
Reading '/data/unibas/boittier/graphscan/methanol/t3/p2209.p.cube'... mode     4
Reading '/data/unibas/boittier/graphscan/methanol/t3/p654.p.cube'... mode     4
