first=False
 nodes_to_avg=[508]
 local_pos=pickles/1490_clcl.obj

0.6695096433697564
[0.66950964]
      fun: 0.5299989314707696
 hess_inv: <30x30 LbfgsInvHessProduct with dtype=float64>
      jac: array([ 2.35478310e-04,  2.47579735e-05,  2.88657987e-06, -9.58011448e-04,
       -2.00617301e-04,  2.34479103e-04,  1.57585052e-03,  4.93494121e-04,
       -1.97397654e-04,  1.62481135e-03,  5.04263284e-04, -2.93876035e-04,
       -1.10278456e-03, -2.61346500e-04,  1.70641274e-04, -1.41608947e-03,
       -4.55413485e-04,  2.46913594e-04, -2.93431937e-04,  9.08162435e-05,
       -9.04831766e-05, -3.77475829e-06, -2.09610107e-04, -4.77395901e-05,
       -8.02691247e-05,  8.20454815e-05, -5.31796829e-05,  9.44799794e-05,
        1.23012711e-04, -7.84927679e-05])
  message: 'CONVERGENCE: REL_REDUCTION_OF_F_<=_FACTR*EPSMCH'
     nfev: 1364
      nit: 38
     njev: 44
   status: 0
  success: True
        x: array([ 0.51485154, -0.00110987,  0.05138318,  0.01814949, -0.02426387,
        0.07217531,  0.47511467, -0.35955682, -0.0032688 ,  0.44945619,
        0.34761013,  0.01684586,  0.88177577,  0.00672572,  0.33212939,
       -0.04773336, -0.00732687, -0.34138035,  0.27767493,  0.10278528,
       -0.03128052,  0.1200123 , -0.07782335,  0.19378861, -0.08546715,
       -0.00264568,  0.19554496, -0.13768612,  0.08485747,  0.14184487])
0.47679930736151427
[0.47679931]
charge RMSD: 0.000531996243929762
Reading '/data/unibas/boittier/graphscan/methanol/t3/p508.p.cube'... just atom number 
Reading '/data/unibas/boittier/graphscan/methanol/t3/p508.p.cube'... mode     1
Reading '/data/unibas/boittier/graphscan/methanol/t3/p508.p.cube'... mode     2
Reading '/data/unibas/boittier/graphscan/methanol/t3/p508.p.cube'... mode     3
Reading '/home/unibas/boittier/MDCM/examples/multi-conformer/5-charmm-files/10charges.dcm'...
Reading '/home/unibas/boittier/fdcm_project/mdcms/methanol/10charges.xyz'...
Start computing local axis systems ...
Reading '/data/unibas/boittier/graphscan/methanol/t3/p508.p.cube'... mode     4
