first=False
 nodes_to_avg=[507, 1483]
 local_pos=pickles/1948_clcl.obj

0.5745857179038953
[0.44825586 0.63882953]
      fun: 0.5398700164161992
 hess_inv: <30x30 LbfgsInvHessProduct with dtype=float64>
      jac: array([ 1.94844136e-04,  2.05724327e-04, -2.58681965e-05, -8.72191208e-04,
       -1.39022127e-03,  1.11577414e-04,  1.91957556e-03,  2.38042912e-03,
        6.37823127e-04,  1.62092557e-03,  2.09698919e-03,  5.61550806e-04,
       -1.47082350e-03, -1.34181555e-03, -3.23630003e-04, -1.58117963e-03,
       -2.17570406e-03, -4.93161054e-04,  3.55271358e-06,  5.32796030e-04,
       -2.11275442e-04,  3.11306536e-04,  1.73083770e-04,  1.28674845e-04,
       -2.40474307e-04,  1.87627691e-05, -2.06834550e-04,  2.75002243e-04,
        2.49578129e-04,  1.40665257e-04])
  message: 'CONVERGENCE: REL_REDUCTION_OF_F_<=_FACTR*EPSMCH'
     nfev: 3317
      nit: 96
     njev: 107
   status: 0
  success: True
        x: array([ 4.20602262e-01, -1.00501776e-02, -9.12580386e-03,  7.65282837e-04,
       -1.30501148e-02,  6.39511523e-02,  4.10885900e-01, -3.55700289e-01,
       -6.70666539e-03,  4.36228586e-01,  3.64324912e-01, -2.34045988e-02,
        8.06350086e-01,  6.04341751e-03,  3.37517486e-01, -4.65981737e-02,
        1.21993658e-02, -3.96356741e-01,  2.54493863e-01,  1.10810981e-02,
        6.41862463e-02,  2.17831487e-01,  2.76695464e-02,  3.84649453e-01,
       -1.37171915e-01, -1.28082258e-01,  1.38676932e-01,  1.75691647e-01,
        2.63048347e-01,  1.15864776e-01])
0.5368817284352438
[0.49255187 0.52289598]
charge RMSD: 0.0003735359981177091
Reading '/data/unibas/boittier/graphscan/methanol/t3/p507.p.cube'... just atom number 
Reading '/data/unibas/boittier/graphscan/methanol/t3/p507.p.cube'... mode     1
Reading '/data/unibas/boittier/graphscan/methanol/t3/p1483.p.cube'... mode     1
Reading '/data/unibas/boittier/graphscan/methanol/t3/p507.p.cube'... mode     2
Reading '/data/unibas/boittier/graphscan/methanol/t3/p1483.p.cube'... mode     2
Reading '/data/unibas/boittier/graphscan/methanol/t3/p507.p.cube'... mode     3
Reading '/data/unibas/boittier/graphscan/methanol/t3/p1483.p.cube'... mode     3
Reading '/home/unibas/boittier/MDCM/examples/multi-conformer/5-charmm-files/10charges.dcm'...
Reading '/home/unibas/boittier/fdcm_project/mdcms/methanol/10charges.xyz'...
Start computing local axis systems ...
Reading '/data/unibas/boittier/graphscan/methanol/t3/p507.p.cube'... mode     4
Reading '/data/unibas/boittier/graphscan/methanol/t3/p1483.p.cube'... mode     4
