first=False
 nodes_to_avg=[535, 2312]
 local_pos=pickles/147_clcl.obj

0.6543271522299409
[0.41917845 0.79820695]
      fun: 0.5563117849214443
 hess_inv: <30x30 LbfgsInvHessProduct with dtype=float64>
      jac: array([-9.99200695e-07,  4.21884749e-05,  2.03170813e-04,  2.72004641e-05,
       -3.50830476e-04, -4.85278484e-04,  1.23900886e-04,  1.87627686e-05,
        7.19424520e-05, -8.58424419e-04, -4.87054828e-04,  2.29372077e-04,
        3.61710672e-04,  4.46198634e-04,  1.88737909e-05,  3.39284157e-04,
       -2.99094083e-04,  4.76285665e-05, -1.98396849e-04,  3.59934305e-04,
        1.51323398e-04, -6.88338276e-05,  1.01474385e-04, -2.92876826e-04,
       -3.31734640e-04,  1.62758695e-04,  1.72084569e-05, -1.89515070e-04,
        5.10702592e-05,  8.13793477e-05])
  message: 'CONVERGENCE: REL_REDUCTION_OF_F_<=_FACTR*EPSMCH'
     nfev: 3565
      nit: 101
     njev: 115
   status: 0
  success: True
        x: array([ 0.42784657, -0.00352208,  0.00634132,  0.04973091,  0.00213441,
        0.06864889,  0.44547087, -0.37199503,  0.02829319,  0.45212107,
        0.37626286,  0.03067288,  0.8230212 , -0.00787156,  0.34326723,
       -0.0628559 ,  0.00139217, -0.30780641,  0.37051045, -0.10295355,
       -0.06435477,  0.01340873,  0.03463688,  0.31988719, -0.15222178,
        0.14865838, -0.04711358, -0.09877359, -0.082758  ,  0.24804589])
0.5496081132994367
[0.48486152 0.55704026]
charge RMSD: 0.0008379589551306676
Reading '/data/unibas/boittier/graphscan/methanol/t3/p535.p.cube'... just atom number 
Reading '/data/unibas/boittier/graphscan/methanol/t3/p535.p.cube'... mode     1
Reading '/data/unibas/boittier/graphscan/methanol/t3/p2312.p.cube'... mode     1
Reading '/data/unibas/boittier/graphscan/methanol/t3/p535.p.cube'... mode     2
Reading '/data/unibas/boittier/graphscan/methanol/t3/p2312.p.cube'... mode     2
Reading '/data/unibas/boittier/graphscan/methanol/t3/p535.p.cube'... mode     3
Reading '/data/unibas/boittier/graphscan/methanol/t3/p2312.p.cube'... mode     3
Reading '/home/unibas/boittier/MDCM/examples/multi-conformer/5-charmm-files/10charges.dcm'...
Reading '/home/unibas/boittier/fdcm_project/mdcms/methanol/10charges.xyz'...
Start computing local axis systems ...
Reading '/data/unibas/boittier/graphscan/methanol/t3/p535.p.cube'... mode     4
Reading '/data/unibas/boittier/graphscan/methanol/t3/p2312.p.cube'... mode     4
