first=False
 nodes_to_avg=[535, 1703]
 local_pos=pickles/147_clcl.obj

0.707031680569543
[0.41917845 0.88212286]
      fun: 0.5270825461299647
 hess_inv: <30x30 LbfgsInvHessProduct with dtype=float64>
      jac: array([ 1.89293021e-04,  1.65867320e-04,  1.92179606e-04,  1.85629290e-04,
       -1.05127018e-03, -7.07767179e-04, -1.48769881e-04,  1.50812692e-03,
        3.01303427e-03, -5.33684193e-04,  1.98407951e-03,  2.90079072e-03,
       -8.93729560e-05, -1.00575104e-03, -2.07267531e-03,  1.27231559e-04,
       -1.85951254e-03, -2.62356796e-03,  2.23265844e-04,  1.64757097e-04,
       -3.13082893e-05,  9.73665593e-05,  1.42552636e-04,  4.57411874e-05,
        9.12603327e-05,  1.30673250e-04,  1.35669254e-04,  2.73225887e-04,
        2.00395256e-04,  1.91402444e-04])
  message: 'CONVERGENCE: REL_REDUCTION_OF_F_<=_FACTR*EPSMCH'
     nfev: 3255
      nit: 96
     njev: 105
   status: 0
  success: True
        x: array([ 0.43178347, -0.0039039 ,  0.01123674,  0.06570219,  0.00279391,
        0.05286299,  0.42585234, -0.38106145,  0.02348129,  0.43009673,
        0.38648866,  0.02457954,  0.83355294, -0.00726584,  0.30487256,
       -0.15012626,  0.00127752, -0.29533723,  0.29217986, -0.10580485,
       -0.0257918 ,  0.01823476,  0.05412784,  0.25033988, -0.15799828,
        0.17853702,  0.043579  , -0.08074316, -0.08552187,  0.32081777])
0.5195584958197198
[0.46219824 0.52232864]
charge RMSD: 0.0009405062863226341
Reading '/data/unibas/boittier/graphscan/methanol/t3/p535.p.cube'... just atom number 
Reading '/data/unibas/boittier/graphscan/methanol/t3/p535.p.cube'... mode     1
Reading '/data/unibas/boittier/graphscan/methanol/t3/p1703.p.cube'... mode     1
Reading '/data/unibas/boittier/graphscan/methanol/t3/p535.p.cube'... mode     2
Reading '/data/unibas/boittier/graphscan/methanol/t3/p1703.p.cube'... mode     2
Reading '/data/unibas/boittier/graphscan/methanol/t3/p535.p.cube'... mode     3
Reading '/data/unibas/boittier/graphscan/methanol/t3/p1703.p.cube'... mode     3
Reading '/home/unibas/boittier/MDCM/examples/multi-conformer/5-charmm-files/10charges.dcm'...
Reading '/home/unibas/boittier/fdcm_project/mdcms/methanol/10charges.xyz'...
Start computing local axis systems ...
Reading '/data/unibas/boittier/graphscan/methanol/t3/p535.p.cube'... mode     4
Reading '/data/unibas/boittier/graphscan/methanol/t3/p1703.p.cube'... mode     4
