first=False
 nodes_to_avg=[536, 2163]
 local_pos=pickles/384_clcl.obj

0.5068887968182344
[0.40466148 0.55598276]
      fun: 0.4604351153694447
 hess_inv: <30x30 LbfgsInvHessProduct with dtype=float64>
      jac: array([ 5.87307964e-05, -8.13238366e-05,  1.15796262e-04,  5.41677814e-04,
        1.77358128e-04, -4.56412686e-04,  3.82471822e-05, -4.61408676e-04,
        3.78475029e-04,  1.45161657e-04, -6.72906157e-04,  9.84767823e-05,
       -2.16049407e-04,  4.68125539e-04, -3.76365595e-05, -3.59212660e-04,
        3.81916721e-04, -4.01456635e-04, -1.18738353e-04, -3.00481862e-04,
        3.51940699e-05,  5.29021257e-05, -2.02171613e-04, -1.28119737e-04,
        8.88733532e-05, -2.51632049e-04,  1.47881707e-04,  2.07223128e-04,
        1.07969189e-04, -3.65263375e-05])
  message: 'CONVERGENCE: REL_REDUCTION_OF_F_<=_FACTR*EPSMCH'
     nfev: 3782
      nit: 108
     njev: 122
   status: 0
  success: True
        x: array([ 0.45018834,  0.00177036,  0.01374336,  0.04682606, -0.01475034,
        0.04879468,  0.40326542, -0.39068655,  0.02139794,  0.44420416,
        0.36947125, -0.00217388,  0.83070971, -0.01145674,  0.31246473,
       -0.14022847,  0.00374527, -0.34545029,  0.18834032,  0.07483058,
       -0.05533729,  0.25841238,  0.16357566,  0.23046879, -0.07993679,
       -0.00113519,  0.12889604, -0.12882294, -0.04071932,  0.22911952])
0.4563074778936203
[0.41805047 0.4449589 ]
charge RMSD: 0.00051595468493746
Reading '/data/unibas/boittier/graphscan/methanol/t3/p536.p.cube'... just atom number 
Reading '/data/unibas/boittier/graphscan/methanol/t3/p536.p.cube'... mode     1
Reading '/data/unibas/boittier/graphscan/methanol/t3/p2163.p.cube'... mode     1
Reading '/data/unibas/boittier/graphscan/methanol/t3/p536.p.cube'... mode     2
Reading '/data/unibas/boittier/graphscan/methanol/t3/p2163.p.cube'... mode     2
Reading '/data/unibas/boittier/graphscan/methanol/t3/p536.p.cube'... mode     3
Reading '/data/unibas/boittier/graphscan/methanol/t3/p2163.p.cube'... mode     3
Reading '/home/unibas/boittier/MDCM/examples/multi-conformer/5-charmm-files/10charges.dcm'...
Reading '/home/unibas/boittier/fdcm_project/mdcms/methanol/10charges.xyz'...
Start computing local axis systems ...
Reading '/data/unibas/boittier/graphscan/methanol/t3/p536.p.cube'... mode     4
Reading '/data/unibas/boittier/graphscan/methanol/t3/p2163.p.cube'... mode     4
