first=False
 nodes_to_avg=[542, 359, 1342, 1457, 1811, 1814, 1937, 2006, 2299, 2447, 2251]
 local_pos=pickles/359_clcl.obj

0.588984686570915
[0.57953885 0.40184931 0.78947592 0.64809123 0.48385617 0.52737647
 0.55236192 0.52549956 0.72867907 0.54210244 0.59656158]
      fun: 0.5595290889129338
 hess_inv: <30x30 LbfgsInvHessProduct with dtype=float64>
      jac: array([ 2.07056588e-04, -5.48450174e-05,  1.35003120e-04, -5.68212144e-04,
        9.07052211e-05, -2.26929586e-04,  6.27275992e-05, -8.88400440e-04,
        9.20929999e-04,  3.64819276e-04, -6.73794335e-04,  5.37347944e-04,
       -3.61932716e-05,  3.78030940e-04, -4.92494934e-04, -1.41109347e-04,
        5.12034859e-04, -5.34905439e-04, -7.02771175e-05, -1.64201985e-04,
        1.53432818e-04, -1.57651665e-04, -1.30118139e-04,  8.83737528e-05,
        3.93018940e-05,  3.19744231e-05,  1.59650071e-04,  2.09943174e-04,
       -1.53099755e-04, -1.15907281e-04])
  message: 'CONVERGENCE: REL_REDUCTION_OF_F_<=_FACTR*EPSMCH'
     nfev: 3007
      nit: 84
     njev: 97
   status: 0
  success: True
        x: array([ 3.76304969e-01, -3.56523496e-04, -4.05176438e-02,  1.06277377e-02,
        1.02563719e-03,  6.17448257e-02,  4.64884188e-01, -3.56180327e-01,
       -4.42600656e-02,  4.74539827e-01,  3.64599240e-01, -3.96173884e-02,
        8.77900417e-01,  2.60161808e-03,  2.49172392e-01, -3.09586315e-02,
        5.45108290e-03, -3.91204564e-01,  1.61737672e-01, -2.82355908e-02,
       -2.84905802e-01,  2.53836351e-01, -8.29172687e-02, -1.18992473e-01,
       -3.38786073e-01,  1.26678835e-01,  8.21827044e-02, -1.29006915e-01,
       -2.01823912e-01,  3.54546878e-01])
[0.46776639 0.46196291 0.88632925 0.5747994  0.42178363 0.45142307
 0.51127971 0.54141398 0.59953192 0.53709748 0.53085426]
charge RMSD: 0.00025733380473091835
Reading '/data/unibas/boittier/graphscan/methanol/t3/p542.p.cube'... just atom number 
Reading '/data/unibas/boittier/graphscan/methanol/t3/p542.p.cube'... mode     1
Reading '/data/unibas/boittier/graphscan/methanol/t3/p359.p.cube'... mode     1
Reading '/data/unibas/boittier/graphscan/methanol/t3/p1342.p.cube'... mode     1
Reading '/data/unibas/boittier/graphscan/methanol/t3/p1457.p.cube'... mode     1
Reading '/data/unibas/boittier/graphscan/methanol/t3/p1811.p.cube'... mode     1
Reading '/data/unibas/boittier/graphscan/methanol/t3/p1814.p.cube'... mode     1
Reading '/data/unibas/boittier/graphscan/methanol/t3/p1937.p.cube'... mode     1
Reading '/data/unibas/boittier/graphscan/methanol/t3/p2006.p.cube'... mode     1
Reading '/data/unibas/boittier/graphscan/methanol/t3/p2299.p.cube'... mode     1
Reading '/data/unibas/boittier/graphscan/methanol/t3/p2447.p.cube'... mode     1
Reading '/data/unibas/boittier/graphscan/methanol/t3/p2251.p.cube'... mode     1
Reading '/data/unibas/boittier/graphscan/methanol/t3/p542.p.cube'... mode     2
Reading '/data/unibas/boittier/graphscan/methanol/t3/p359.p.cube'... mode     2
Reading '/data/unibas/boittier/graphscan/methanol/t3/p1342.p.cube'... mode     2
Reading '/data/unibas/boittier/graphscan/methanol/t3/p1457.p.cube'... mode     2
Reading '/data/unibas/boittier/graphscan/methanol/t3/p1811.p.cube'... mode     2
Reading '/data/unibas/boittier/graphscan/methanol/t3/p1814.p.cube'... mode     2
Reading '/data/unibas/boittier/graphscan/methanol/t3/p1937.p.cube'... mode     2
Reading '/data/unibas/boittier/graphscan/methanol/t3/p2006.p.cube'... mode     2
Reading '/data/unibas/boittier/graphscan/methanol/t3/p2299.p.cube'... mode     2
Reading '/data/unibas/boittier/graphscan/methanol/t3/p2447.p.cube'... mode     2
Reading '/data/unibas/boittier/graphscan/methanol/t3/p2251.p.cube'... mode     2
Reading '/data/unibas/boittier/graphscan/methanol/t3/p542.p.cube'... mode     3
Reading '/data/unibas/boittier/graphscan/methanol/t3/p359.p.cube'... mode     3
Reading '/data/unibas/boittier/graphscan/methanol/t3/p1342.p.cube'... mode     3
Reading '/data/unibas/boittier/graphscan/methanol/t3/p1457.p.cube'... mode     3
Reading '/data/unibas/boittier/graphscan/methanol/t3/p1811.p.cube'... mode     3
Reading '/data/unibas/boittier/graphscan/methanol/t3/p1814.p.cube'... mode     3
Reading '/data/unibas/boittier/graphscan/methanol/t3/p1937.p.cube'... mode     3
Reading '/data/unibas/boittier/graphscan/methanol/t3/p2006.p.cube'... mode     3
Reading '/data/unibas/boittier/graphscan/methanol/t3/p2299.p.cube'... mode     3
Reading '/data/unibas/boittier/graphscan/methanol/t3/p2447.p.cube'... mode     3
Reading '/data/unibas/boittier/graphscan/methanol/t3/p2251.p.cube'... mode     3
Reading '/home/unibas/boittier/MDCM/examples/multi-conformer/5-charmm-files/10charges.dcm'...
Reading '/home/unibas/boittier/fdcm_project/mdcms/methanol/10charges.xyz'...
Start computing local axis systems ...
Reading '/data/unibas/boittier/graphscan/methanol/t3/p542.p.cube'... mode     4
Reading '/data/unibas/boittier/graphscan/methanol/t3/p359.p.cube'... mode     4
Reading '/data/unibas/boittier/graphscan/methanol/t3/p1342.p.cube'... mode     4
Reading '/data/unibas/boittier/graphscan/methanol/t3/p1457.p.cube'... mode     4
Reading '/data/unibas/boittier/graphscan/methanol/t3/p1811.p.cube'... mode     4
Reading '/data/unibas/boittier/graphscan/methanol/t3/p1814.p.cube'... mode     4
Reading '/data/unibas/boittier/graphscan/methanol/t3/p1937.p.cube'... mode     4
Reading '/data/unibas/boittier/graphscan/methanol/t3/p2006.p.cube'... mode     4
Reading '/data/unibas/boittier/graphscan/methanol/t3/p2299.p.cube'... mode     4
Reading '/data/unibas/boittier/graphscan/methanol/t3/p2447.p.cube'... mode     4
Reading '/data/unibas/boittier/graphscan/methanol/t3/p2251.p.cube'... mode     4
