first=False
 nodes_to_avg=[570, 147]
 local_pos=pickles/674_clcl.obj

0.5926834840676396
[0.4992337  0.62515876]
      fun: 0.4763585791182816
 hess_inv: <30x30 LbfgsInvHessProduct with dtype=float64>
      jac: array([-6.76125804e-05, -1.40776279e-04,  8.60422845e-06,  8.32556247e-04,
        4.81004125e-04,  5.60662628e-05, -5.32351926e-05, -7.82651700e-04,
        4.13558077e-05, -8.67583759e-04, -1.04438677e-03,  6.62470079e-04,
       -2.25930392e-05,  8.30613356e-04,  1.44384500e-04,  2.65842903e-04,
        6.16118268e-04, -2.98538963e-04, -9.99200695e-06,  3.91353616e-05,
       -1.31339384e-04, -1.88293825e-04,  6.74460488e-05,  1.37390096e-04,
        2.44915199e-04,  3.35398376e-04,  1.04194431e-04,  2.19380070e-04,
        3.96904732e-04,  3.43003404e-04])
  message: 'CONVERGENCE: REL_REDUCTION_OF_F_<=_FACTR*EPSMCH'
     nfev: 3999
      nit: 114
     njev: 129
   status: 0
  success: True
        x: array([ 0.47363544, -0.00533086,  0.02591081,  0.05160995,  0.00244929,
        0.05917215,  0.44835129, -0.3776242 , -0.00310071,  0.44848313,
        0.38089334,  0.00905188,  0.84372345, -0.00735604,  0.30216511,
       -0.0852621 , -0.00118976, -0.32943051,  0.32858754, -0.05125983,
        0.04553351,  0.09433382,  0.00106246,  0.31367766, -0.05997926,
        0.02194715,  0.01506011, -0.0608382 , -0.02796323,  0.24373636])
0.4622633466085484
[0.41821914 0.45690622]
charge RMSD: 0.001761904061060634
Reading '/data/unibas/boittier/graphscan/methanol/t3/p570.p.cube'... just atom number 
Reading '/data/unibas/boittier/graphscan/methanol/t3/p570.p.cube'... mode     1
Reading '/data/unibas/boittier/graphscan/methanol/t3/p147.p.cube'... mode     1
Reading '/data/unibas/boittier/graphscan/methanol/t3/p570.p.cube'... mode     2
Reading '/data/unibas/boittier/graphscan/methanol/t3/p147.p.cube'... mode     2
Reading '/data/unibas/boittier/graphscan/methanol/t3/p570.p.cube'... mode     3
Reading '/data/unibas/boittier/graphscan/methanol/t3/p147.p.cube'... mode     3
Reading '/home/unibas/boittier/MDCM/examples/multi-conformer/5-charmm-files/10charges.dcm'...
Reading '/home/unibas/boittier/fdcm_project/mdcms/methanol/10charges.xyz'...
Start computing local axis systems ...
Reading '/data/unibas/boittier/graphscan/methanol/t3/p570.p.cube'... mode     4
Reading '/data/unibas/boittier/graphscan/methanol/t3/p147.p.cube'... mode     4
