first=False
 nodes_to_avg=[602, 225, 383, 637, 834, 850, 1826, 0]
 local_pos=pickles/834_clcl.obj

0.9252553728542013
[0.4977909  0.56402425 0.77517837 0.52088295 0.56750646 0.65712513
 1.02139549 0.62149919]
      fun: 0.8409310976048708
 hess_inv: <30x30 LbfgsInvHessProduct with dtype=float64>
      jac: array([ 1.16684437e-04, -1.72084569e-04, -1.55542246e-04,  5.84421400e-04,
        7.64832642e-04,  1.13808962e-03, -1.29840579e-03, -1.45150554e-03,
       -2.47946108e-03, -1.71873622e-03, -1.73050458e-03, -2.77344814e-03,
        4.83169074e-04,  1.35524925e-03,  2.13429268e-03,  1.54143365e-03,
        1.39122047e-03,  2.54807279e-03, -6.98552327e-04, -2.80109269e-04,
        5.02153860e-04, -9.62563336e-05, -1.74638082e-04, -2.02615702e-04,
       -7.18314297e-05, -6.02851103e-04,  1.45661261e-04,  1.09801054e-04,
        2.58570943e-04, -3.52939890e-04])
  message: 'CONVERGENCE: REL_REDUCTION_OF_F_<=_FACTR*EPSMCH'
     nfev: 4836
      nit: 140
     njev: 156
   status: 0
  success: True
        x: array([ 4.44355984e-01,  1.83577235e-02,  2.58286643e-04,  1.12367721e-02,
        9.39080637e-03,  6.45581933e-02,  4.73454859e-01, -3.60475766e-01,
       -4.33834453e-02,  4.68845726e-01,  3.21195370e-01, -2.98597436e-02,
        8.81072534e-01, -1.49826593e-02,  2.66015230e-01, -2.06696233e-02,
       -4.09509909e-02, -4.14465472e-01,  6.90755154e-02,  1.05101818e-03,
       -2.66474583e-01,  3.18220828e-01, -1.03614877e-01, -1.51698109e-01,
       -2.15177294e-01, -5.23732644e-02, -8.64015851e-02, -3.14513189e-01,
        2.07623119e-01,  2.67192478e-01])
0.8329862529463136
[0.43694407 0.53729887 0.63398768 0.47532327 0.57087058 0.67572579
 0.86784089 0.51884966]
charge RMSD: 0.001986211165766489
Reading '/data/unibas/boittier/graphscan/methanol/t3/p602.p.cube'... just atom number 
Reading '/data/unibas/boittier/graphscan/methanol/t3/p602.p.cube'... mode     1
Reading '/data/unibas/boittier/graphscan/methanol/t3/p225.p.cube'... mode     1
Reading '/data/unibas/boittier/graphscan/methanol/t3/p383.p.cube'... mode     1
Reading '/data/unibas/boittier/graphscan/methanol/t3/p637.p.cube'... mode     1
Reading '/data/unibas/boittier/graphscan/methanol/t3/p834.p.cube'... mode     1
Reading '/data/unibas/boittier/graphscan/methanol/t3/p850.p.cube'... mode     1
Reading '/data/unibas/boittier/graphscan/methanol/t3/p1826.p.cube'... mode     1
Reading '/data/unibas/boittier/graphscan/methanol/t3/p0.p.cube'... mode     1
Reading '/data/unibas/boittier/graphscan/methanol/t3/p602.p.cube'... mode     2
Reading '/data/unibas/boittier/graphscan/methanol/t3/p225.p.cube'... mode     2
Reading '/data/unibas/boittier/graphscan/methanol/t3/p383.p.cube'... mode     2
Reading '/data/unibas/boittier/graphscan/methanol/t3/p637.p.cube'... mode     2
Reading '/data/unibas/boittier/graphscan/methanol/t3/p834.p.cube'... mode     2
Reading '/data/unibas/boittier/graphscan/methanol/t3/p850.p.cube'... mode     2
Reading '/data/unibas/boittier/graphscan/methanol/t3/p1826.p.cube'... mode     2
Reading '/data/unibas/boittier/graphscan/methanol/t3/p0.p.cube'... mode     2
Reading '/data/unibas/boittier/graphscan/methanol/t3/p602.p.cube'... mode     3
Reading '/data/unibas/boittier/graphscan/methanol/t3/p225.p.cube'... mode     3
Reading '/data/unibas/boittier/graphscan/methanol/t3/p383.p.cube'... mode     3
Reading '/data/unibas/boittier/graphscan/methanol/t3/p637.p.cube'... mode     3
Reading '/data/unibas/boittier/graphscan/methanol/t3/p834.p.cube'... mode     3
Reading '/data/unibas/boittier/graphscan/methanol/t3/p850.p.cube'... mode     3
Reading '/data/unibas/boittier/graphscan/methanol/t3/p1826.p.cube'... mode     3
Reading '/data/unibas/boittier/graphscan/methanol/t3/p0.p.cube'... mode     3
Reading '/home/unibas/boittier/MDCM/examples/multi-conformer/5-charmm-files/10charges.dcm'...
Reading '/home/unibas/boittier/fdcm_project/mdcms/methanol/10charges.xyz'...
Start computing local axis systems ...
Reading '/data/unibas/boittier/graphscan/methanol/t3/p602.p.cube'... mode     4
Reading '/data/unibas/boittier/graphscan/methanol/t3/p225.p.cube'... mode     4
Reading '/data/unibas/boittier/graphscan/methanol/t3/p383.p.cube'... mode     4
Reading '/data/unibas/boittier/graphscan/methanol/t3/p637.p.cube'... mode     4
Reading '/data/unibas/boittier/graphscan/methanol/t3/p834.p.cube'... mode     4
Reading '/data/unibas/boittier/graphscan/methanol/t3/p850.p.cube'... mode     4
Reading '/data/unibas/boittier/graphscan/methanol/t3/p1826.p.cube'... mode     4
Reading '/data/unibas/boittier/graphscan/methanol/t3/p0.p.cube'... mode     4
