first=False
 nodes_to_avg=[637, 602, 834, 1473, 1678, 225]
 local_pos=pickles/1473_clcl.obj

0.7901487450311703
[0.49445009 0.53501278 0.60748964 0.62237849 0.62737538 0.61962103]
      fun: 0.7580877942135784
 hess_inv: <30x30 LbfgsInvHessProduct with dtype=float64>
      jac: array([ 2.34590119e-04,  5.22915045e-05,  6.71684930e-05, -2.64233080e-04,
       -1.73971948e-04,  8.21565039e-05, -4.22994961e-04, -1.75748300e-04,
        3.01869641e-04, -5.33129082e-04, -2.65565340e-04,  1.67421632e-04,
        2.36144444e-04,  1.65978342e-04, -3.11417550e-04,  3.00648395e-04,
        7.47180096e-05,  2.64455117e-04, -2.78110868e-04, -1.66866521e-04,
        1.76525461e-04,  5.08482131e-05, -3.01425551e-04,  7.44959650e-05,
       -6.10622664e-05, -2.09166018e-04, -3.64375197e-04, -2.34257052e-05,
       -1.59428026e-04, -2.79554150e-04])
  message: 'CONVERGENCE: REL_REDUCTION_OF_F_<=_FACTR*EPSMCH'
     nfev: 4650
      nit: 135
     njev: 150
   status: 0
  success: True
        x: array([ 0.46169183,  0.01399814,  0.01131305,  0.00495318,  0.00743645,
        0.0575979 ,  0.48492822, -0.37171126, -0.01743139,  0.47920761,
        0.34780722, -0.00838231,  0.88027278, -0.00849866,  0.28338659,
        0.00567343, -0.02365322, -0.34898526,  0.13270415,  0.0185835 ,
       -0.24523879,  0.3255546 , -0.0504579 , -0.07499304, -0.2490283 ,
       -0.01931756, -0.01180637, -0.25954804,  0.19342398,  0.28794442])
0.7513375436657742
[0.44494202 0.4458612  0.59279221 0.72822088 0.52382391 0.52879476]
charge RMSD: 0.0016875626354140344
Reading '/data/unibas/boittier/graphscan/methanol/t3/p637.p.cube'... just atom number 
Reading '/data/unibas/boittier/graphscan/methanol/t3/p637.p.cube'... mode     1
Reading '/data/unibas/boittier/graphscan/methanol/t3/p602.p.cube'... mode     1
Reading '/data/unibas/boittier/graphscan/methanol/t3/p834.p.cube'... mode     1
Reading '/data/unibas/boittier/graphscan/methanol/t3/p1473.p.cube'... mode     1
Reading '/data/unibas/boittier/graphscan/methanol/t3/p1678.p.cube'... mode     1
Reading '/data/unibas/boittier/graphscan/methanol/t3/p225.p.cube'... mode     1
Reading '/data/unibas/boittier/graphscan/methanol/t3/p637.p.cube'... mode     2
Reading '/data/unibas/boittier/graphscan/methanol/t3/p602.p.cube'... mode     2
Reading '/data/unibas/boittier/graphscan/methanol/t3/p834.p.cube'... mode     2
Reading '/data/unibas/boittier/graphscan/methanol/t3/p1473.p.cube'... mode     2
Reading '/data/unibas/boittier/graphscan/methanol/t3/p1678.p.cube'... mode     2
Reading '/data/unibas/boittier/graphscan/methanol/t3/p225.p.cube'... mode     2
Reading '/data/unibas/boittier/graphscan/methanol/t3/p637.p.cube'... mode     3
Reading '/data/unibas/boittier/graphscan/methanol/t3/p602.p.cube'... mode     3
Reading '/data/unibas/boittier/graphscan/methanol/t3/p834.p.cube'... mode     3
Reading '/data/unibas/boittier/graphscan/methanol/t3/p1473.p.cube'... mode     3
Reading '/data/unibas/boittier/graphscan/methanol/t3/p1678.p.cube'... mode     3
Reading '/data/unibas/boittier/graphscan/methanol/t3/p225.p.cube'... mode     3
Reading '/home/unibas/boittier/MDCM/examples/multi-conformer/5-charmm-files/10charges.dcm'...
Reading '/home/unibas/boittier/fdcm_project/mdcms/methanol/10charges.xyz'...
Start computing local axis systems ...
Reading '/data/unibas/boittier/graphscan/methanol/t3/p637.p.cube'... mode     4
Reading '/data/unibas/boittier/graphscan/methanol/t3/p602.p.cube'... mode     4
Reading '/data/unibas/boittier/graphscan/methanol/t3/p834.p.cube'... mode     4
Reading '/data/unibas/boittier/graphscan/methanol/t3/p1473.p.cube'... mode     4
Reading '/data/unibas/boittier/graphscan/methanol/t3/p1678.p.cube'... mode     4
Reading '/data/unibas/boittier/graphscan/methanol/t3/p225.p.cube'... mode     4
