first=True
 nodes_to_avg=[674, 1161]
 local_pos=None

0.8148010773715101
[0.38855791 0.78444717 1.01772961]
      fun: 0.5102054078292424
 hess_inv: <30x30 LbfgsInvHessProduct with dtype=float64>
      jac: array([ 2.45914393e-04, -4.99600361e-06, -4.08562073e-05,  1.39221967e-04,
        4.91939822e-04,  6.84563517e-04,  2.99871231e-04, -2.87214689e-04,
        1.63202785e-04,  6.40820712e-04, -1.89626087e-04, -2.11608508e-04,
       -4.45421490e-04,  1.68531855e-04,  6.66022774e-04, -3.17412763e-04,
        2.97428748e-04, -2.48467906e-04, -1.59539044e-04, -1.33004718e-04,
        1.52433621e-04,  9.67004255e-05,  2.44693155e-04,  4.64295269e-04,
        3.47832874e-04, -3.07198711e-04, -2.67119660e-04, -3.26294547e-04,
        4.08451051e-04,  2.84217094e-05])
  message: 'CONVERGENCE: REL_REDUCTION_OF_F_<=_FACTR*EPSMCH'
     nfev: 3751
      nit: 111
     njev: 121
   status: 0
  success: True
        x: array([ 0.49621144, -0.00955371,  0.03846091,  0.02343373, -0.00757467,
        0.05977084,  0.45242596, -0.370754  , -0.00445882,  0.45277481,
        0.37376745,  0.00431467,  0.85840906, -0.0011069 ,  0.31649312,
       -0.05558109,  0.00535233, -0.33706948,  0.31744826,  0.03033514,
        0.03222961,  0.08909954, -0.11230938,  0.23035639, -0.01900941,
       -0.03837583,  0.13204849, -0.05618629,  0.02110839,  0.20464626])
0.48638545240806275
[0.4116942  0.44254611 0.5030975 ]
charge RMSD: 0.0029774944284056168
Reading '/home/unibas/boittier/MDCM/examples/multi-conformer/ref/scan0.p.cube'... just atom number 
Reading '/home/unibas/boittier/MDCM/examples/multi-conformer/ref/scan0.p.cube'... mode     1
Reading '/data/unibas/boittier/graphscan/methanol/t3/p674.p.cube'... mode     1
Reading '/data/unibas/boittier/graphscan/methanol/t3/p1161.p.cube'... mode     1
Reading '/home/unibas/boittier/MDCM/examples/multi-conformer/ref/scan0.p.cube'... mode     2
Reading '/data/unibas/boittier/graphscan/methanol/t3/p674.p.cube'... mode     2
Reading '/data/unibas/boittier/graphscan/methanol/t3/p1161.p.cube'... mode     2
Reading '/home/unibas/boittier/MDCM/examples/multi-conformer/ref/scan0.p.cube'... mode     3
Reading '/data/unibas/boittier/graphscan/methanol/t3/p674.p.cube'... mode     3
Reading '/data/unibas/boittier/graphscan/methanol/t3/p1161.p.cube'... mode     3
Reading '/home/unibas/boittier/MDCM/examples/multi-conformer/5-charmm-files/10charges.dcm'...
Reading '/home/unibas/boittier/fdcm_project/mdcms/methanol/10charges.xyz'...
Start computing local axis systems ...
Reading '/home/unibas/boittier/MDCM/examples/multi-conformer/ref/scan0.p.cube'... mode     4
Reading '/data/unibas/boittier/graphscan/methanol/t3/p674.p.cube'... mode     4
Reading '/data/unibas/boittier/graphscan/methanol/t3/p1161.p.cube'... mode     4
