first=True
 nodes_to_avg=[674, 2099]
 local_pos=None

0.7803542231909775
[0.38855791 0.78444717 0.93275471]
      fun: 0.5803012836602539
 hess_inv: <30x30 LbfgsInvHessProduct with dtype=float64>
      jac: array([ 1.24011915e-04,  3.21964677e-06,  1.23234756e-04,  8.93729535e-05,
       -8.54871729e-05, -4.15778523e-04, -2.56905601e-04,  2.52353687e-04,
        3.38618022e-04, -1.12687634e-04,  1.58539844e-04,  1.25455202e-04,
       -2.10942381e-06, -6.57252031e-05, -1.34448005e-04, -1.26898492e-04,
       -2.19269047e-04,  2.17936774e-04, -3.76920707e-04,  2.08277840e-04,
       -1.81632487e-04, -4.46531701e-04,  1.36668454e-04,  8.54871729e-05,
       -5.87307980e-05,  8.53761506e-05,  6.80566714e-05,  3.44169138e-05,
        1.36113343e-04,  2.12718732e-04])
  message: 'CONVERGENCE: REL_REDUCTION_OF_F_<=_FACTR*EPSMCH'
     nfev: 3565
      nit: 104
     njev: 115
   status: 0
  success: True
        x: array([ 0.50212791, -0.00877782,  0.0414939 ,  0.01330709, -0.01059244,
        0.06202346,  0.44944912, -0.36222209, -0.00560198,  0.45259527,
        0.36777745, -0.0019392 ,  0.85910175,  0.0016647 ,  0.317053  ,
       -0.04183747,  0.01013662, -0.34468728,  0.26233298,  0.03285594,
        0.00783444,  0.09697062, -0.06840015,  0.18679959, -0.03697762,
        0.00950391,  0.15309156, -0.08098232,  0.04409789,  0.1883715 ])
0.5634360377115707
[0.39921281 0.52374044 0.64097995]
charge RMSD: 0.002108155745451584
Reading '/home/unibas/boittier/MDCM/examples/multi-conformer/ref/scan0.p.cube'... just atom number 
Reading '/home/unibas/boittier/MDCM/examples/multi-conformer/ref/scan0.p.cube'... mode     1
Reading '/data/unibas/boittier/graphscan/methanol/t3/p674.p.cube'... mode     1
Reading '/data/unibas/boittier/graphscan/methanol/t3/p2099.p.cube'... mode     1
Reading '/home/unibas/boittier/MDCM/examples/multi-conformer/ref/scan0.p.cube'... mode     2
Reading '/data/unibas/boittier/graphscan/methanol/t3/p674.p.cube'... mode     2
Reading '/data/unibas/boittier/graphscan/methanol/t3/p2099.p.cube'... mode     2
Reading '/home/unibas/boittier/MDCM/examples/multi-conformer/ref/scan0.p.cube'... mode     3
Reading '/data/unibas/boittier/graphscan/methanol/t3/p674.p.cube'... mode     3
Reading '/data/unibas/boittier/graphscan/methanol/t3/p2099.p.cube'... mode     3
Reading '/home/unibas/boittier/MDCM/examples/multi-conformer/5-charmm-files/10charges.dcm'...
Reading '/home/unibas/boittier/fdcm_project/mdcms/methanol/10charges.xyz'...
Start computing local axis systems ...
Reading '/home/unibas/boittier/MDCM/examples/multi-conformer/ref/scan0.p.cube'... mode     4
Reading '/data/unibas/boittier/graphscan/methanol/t3/p674.p.cube'... mode     4
Reading '/data/unibas/boittier/graphscan/methanol/t3/p2099.p.cube'... mode     4
