first=False
 nodes_to_avg=[834, 637, 888, 1463, 1473, 1678, 1904, 602]
 local_pos=pickles/1473_clcl.obj

0.8602516029229944
[0.61506359 0.51182323 0.58641859 0.53221635 0.58503284 0.66423531
 0.86491989 0.56862885]
      fun: 0.8015380787070174
 hess_inv: <30x30 LbfgsInvHessProduct with dtype=float64>
      jac: array([ 1.39666053e-04, -9.99200723e-06,  8.16013924e-05, -4.82947016e-05,
        2.00284234e-04, -5.80646642e-05,  2.56905601e-04,  1.06914474e-04,
       -3.92907929e-04, -1.13242745e-05, -5.22915030e-04, -4.57855975e-04,
       -2.27817771e-04,  3.25961480e-04,  4.19664292e-04,  3.39728246e-05,
        9.25926003e-05,  5.28577168e-04, -7.52731211e-05,  3.55271368e-06,
        4.60964600e-04,  1.30340180e-04, -6.90558721e-05, -2.16493490e-04,
       -5.55111513e-05, -1.43329792e-04, -1.27009514e-04,  5.88418203e-05,
        8.41549053e-05, -1.91624489e-04])
  message: 'CONVERGENCE: REL_REDUCTION_OF_F_<=_FACTR*EPSMCH'
     nfev: 6076
      nit: 177
     njev: 196
   status: 0
  success: True
        x: array([ 0.46212957,  0.01077612,  0.01309527,  0.01308865,  0.00813206,
        0.06301061,  0.48382068, -0.366356  , -0.02062186,  0.47165709,
        0.34278713, -0.006875  ,  0.87753934, -0.00642306,  0.28549318,
        0.00138302, -0.0228204 , -0.35661672,  0.11964427,  0.05909861,
       -0.24747764,  0.33087433, -0.00557299, -0.09674708, -0.22205864,
       -0.00716114,  0.0518977 , -0.20466054,  0.20028374,  0.28542377])
0.7944915315356752
[0.56750646 0.52088295 0.4663785  0.55810748 0.70484859 0.55735926
 0.68600524 0.4977909 ]
charge RMSD: 0.0017616367911680304
Reading '/data/unibas/boittier/graphscan/methanol/t3/p834.p.cube'... just atom number 
Reading '/data/unibas/boittier/graphscan/methanol/t3/p834.p.cube'... mode     1
Reading '/data/unibas/boittier/graphscan/methanol/t3/p637.p.cube'... mode     1
Reading '/data/unibas/boittier/graphscan/methanol/t3/p888.p.cube'... mode     1
Reading '/data/unibas/boittier/graphscan/methanol/t3/p1463.p.cube'... mode     1
Reading '/data/unibas/boittier/graphscan/methanol/t3/p1473.p.cube'... mode     1
Reading '/data/unibas/boittier/graphscan/methanol/t3/p1678.p.cube'... mode     1
Reading '/data/unibas/boittier/graphscan/methanol/t3/p1904.p.cube'... mode     1
Reading '/data/unibas/boittier/graphscan/methanol/t3/p602.p.cube'... mode     1
Reading '/data/unibas/boittier/graphscan/methanol/t3/p834.p.cube'... mode     2
Reading '/data/unibas/boittier/graphscan/methanol/t3/p637.p.cube'... mode     2
Reading '/data/unibas/boittier/graphscan/methanol/t3/p888.p.cube'... mode     2
Reading '/data/unibas/boittier/graphscan/methanol/t3/p1463.p.cube'... mode     2
Reading '/data/unibas/boittier/graphscan/methanol/t3/p1473.p.cube'... mode     2
Reading '/data/unibas/boittier/graphscan/methanol/t3/p1678.p.cube'... mode     2
Reading '/data/unibas/boittier/graphscan/methanol/t3/p1904.p.cube'... mode     2
Reading '/data/unibas/boittier/graphscan/methanol/t3/p602.p.cube'... mode     2
Reading '/data/unibas/boittier/graphscan/methanol/t3/p834.p.cube'... mode     3
Reading '/data/unibas/boittier/graphscan/methanol/t3/p637.p.cube'... mode     3
Reading '/data/unibas/boittier/graphscan/methanol/t3/p888.p.cube'... mode     3
Reading '/data/unibas/boittier/graphscan/methanol/t3/p1463.p.cube'... mode     3
Reading '/data/unibas/boittier/graphscan/methanol/t3/p1473.p.cube'... mode     3
Reading '/data/unibas/boittier/graphscan/methanol/t3/p1678.p.cube'... mode     3
Reading '/data/unibas/boittier/graphscan/methanol/t3/p1904.p.cube'... mode     3
Reading '/data/unibas/boittier/graphscan/methanol/t3/p602.p.cube'... mode     3
Reading '/home/unibas/boittier/MDCM/examples/multi-conformer/5-charmm-files/10charges.dcm'...
Reading '/home/unibas/boittier/fdcm_project/mdcms/methanol/10charges.xyz'...
Start computing local axis systems ...
Reading '/data/unibas/boittier/graphscan/methanol/t3/p834.p.cube'... mode     4
Reading '/data/unibas/boittier/graphscan/methanol/t3/p637.p.cube'... mode     4
Reading '/data/unibas/boittier/graphscan/methanol/t3/p888.p.cube'... mode     4
Reading '/data/unibas/boittier/graphscan/methanol/t3/p1463.p.cube'... mode     4
Reading '/data/unibas/boittier/graphscan/methanol/t3/p1473.p.cube'... mode     4
Reading '/data/unibas/boittier/graphscan/methanol/t3/p1678.p.cube'... mode     4
Reading '/data/unibas/boittier/graphscan/methanol/t3/p1904.p.cube'... mode     4
Reading '/data/unibas/boittier/graphscan/methanol/t3/p602.p.cube'... mode     4
