first=False
 nodes_to_avg=[843, 8, 1300, 1313, 1469, 1760, 1882, 1441]
 local_pos=pickles/1760_clcl.obj

0.7431379797802351
[0.58271829 0.54267787 0.69087084 0.77440897 0.98306079 0.5464782
 0.58570003 0.52550534]
      fun: 0.6851831800845937
 hess_inv: <30x30 LbfgsInvHessProduct with dtype=float64>
      jac: array([ 5.10702592e-05,  5.32907052e-05,  2.54241073e-05, -1.00253139e-04,
       -4.68181050e-04, -7.84927679e-05,  5.13256090e-04,  6.94222438e-04,
       -9.18709553e-04,  6.53366232e-04,  6.22168966e-04, -9.26370092e-04,
       -3.27071712e-04, -6.18172180e-04,  7.12208071e-04, -7.62834241e-04,
       -6.16728891e-04,  7.27307084e-04,  2.40918390e-05,  6.97220059e-05,
       -7.49400521e-05,  1.01474382e-04,  1.73194792e-04,  2.30482294e-04,
       -2.45359289e-05,  7.67164110e-05, -5.32907052e-05,  9.81437127e-05,
        1.14686039e-04,  1.56652469e-04])
  message: 'CONVERGENCE: REL_REDUCTION_OF_F_<=_FACTR*EPSMCH'
     nfev: 3162
      nit: 92
     njev: 102
   status: 0
  success: True
        x: array([ 2.36585717e-01,  3.00667016e-03, -1.24384726e-01, -2.93142197e-02,
        1.50935486e-03,  6.41541884e-02,  4.64651767e-01, -3.52246631e-01,
       -9.40261452e-02,  4.89146457e-01,  3.26339409e-01, -4.65768832e-02,
        8.67310043e-01,  2.39937647e-03,  2.33281010e-01,  2.27202784e-02,
       -3.59836006e-02, -4.38116842e-01,  2.85713871e-01, -1.15520932e-04,
       -3.51149319e-01,  3.10103480e-01,  1.90385336e-01,  3.85034171e-01,
       -1.85312219e-01,  4.21571696e-02, -1.75315087e-01, -2.65200120e-01,
       -1.45713214e-01, -1.63861513e-01])
0.6797032718650263
[0.60592583 0.48712721 0.53403765 0.62303074 0.8479413  0.650701
 0.59684779 0.47779188]
charge RMSD: 0.0006849885269120754
Reading '/data/unibas/boittier/graphscan/methanol/t3/p843.p.cube'... just atom number 
Reading '/data/unibas/boittier/graphscan/methanol/t3/p843.p.cube'... mode     1
Reading '/data/unibas/boittier/graphscan/methanol/t3/p8.p.cube'... mode     1
Reading '/data/unibas/boittier/graphscan/methanol/t3/p1300.p.cube'... mode     1
Reading '/data/unibas/boittier/graphscan/methanol/t3/p1313.p.cube'... mode     1
Reading '/data/unibas/boittier/graphscan/methanol/t3/p1469.p.cube'... mode     1
Reading '/data/unibas/boittier/graphscan/methanol/t3/p1760.p.cube'... mode     1
Reading '/data/unibas/boittier/graphscan/methanol/t3/p1882.p.cube'... mode     1
Reading '/data/unibas/boittier/graphscan/methanol/t3/p1441.p.cube'... mode     1
Reading '/data/unibas/boittier/graphscan/methanol/t3/p843.p.cube'... mode     2
Reading '/data/unibas/boittier/graphscan/methanol/t3/p8.p.cube'... mode     2
Reading '/data/unibas/boittier/graphscan/methanol/t3/p1300.p.cube'... mode     2
Reading '/data/unibas/boittier/graphscan/methanol/t3/p1313.p.cube'... mode     2
Reading '/data/unibas/boittier/graphscan/methanol/t3/p1469.p.cube'... mode     2
Reading '/data/unibas/boittier/graphscan/methanol/t3/p1760.p.cube'... mode     2
Reading '/data/unibas/boittier/graphscan/methanol/t3/p1882.p.cube'... mode     2
Reading '/data/unibas/boittier/graphscan/methanol/t3/p1441.p.cube'... mode     2
Reading '/data/unibas/boittier/graphscan/methanol/t3/p843.p.cube'... mode     3
Reading '/data/unibas/boittier/graphscan/methanol/t3/p8.p.cube'... mode     3
Reading '/data/unibas/boittier/graphscan/methanol/t3/p1300.p.cube'... mode     3
Reading '/data/unibas/boittier/graphscan/methanol/t3/p1313.p.cube'... mode     3
Reading '/data/unibas/boittier/graphscan/methanol/t3/p1469.p.cube'... mode     3
Reading '/data/unibas/boittier/graphscan/methanol/t3/p1760.p.cube'... mode     3
Reading '/data/unibas/boittier/graphscan/methanol/t3/p1882.p.cube'... mode     3
Reading '/data/unibas/boittier/graphscan/methanol/t3/p1441.p.cube'... mode     3
Reading '/home/unibas/boittier/MDCM/examples/multi-conformer/5-charmm-files/10charges.dcm'...
Reading '/home/unibas/boittier/fdcm_project/mdcms/methanol/10charges.xyz'...
Start computing local axis systems ...
Reading '/data/unibas/boittier/graphscan/methanol/t3/p843.p.cube'... mode     4
Reading '/data/unibas/boittier/graphscan/methanol/t3/p8.p.cube'... mode     4
Reading '/data/unibas/boittier/graphscan/methanol/t3/p1300.p.cube'... mode     4
Reading '/data/unibas/boittier/graphscan/methanol/t3/p1313.p.cube'... mode     4
Reading '/data/unibas/boittier/graphscan/methanol/t3/p1469.p.cube'... mode     4
Reading '/data/unibas/boittier/graphscan/methanol/t3/p1760.p.cube'... mode     4
Reading '/data/unibas/boittier/graphscan/methanol/t3/p1882.p.cube'... mode     4
Reading '/data/unibas/boittier/graphscan/methanol/t3/p1441.p.cube'... mode     4
