first=False
 nodes_to_avg=[888, 205, 379, 403, 834, 1062, 1463, 1897, 1904, 662]
 local_pos=pickles/834_clcl.obj

0.8502127448134168
[0.4663785  0.5930265  0.91505461 0.47926536 0.56750646 0.57865998
 0.55810748 0.61674268 0.68600524 0.56911855]
      fun: 0.8266429305391874
 hess_inv: <30x30 LbfgsInvHessProduct with dtype=float64>
      jac: array([ 1.47659658e-04,  4.25215418e-05,  1.92068583e-04, -1.59539049e-04,
        3.75255382e-05, -2.70228284e-04, -1.07669426e-03,  2.49689151e-04,
        1.11954890e-03, -8.22231150e-04,  3.86579647e-04,  1.27431399e-03,
        6.74349484e-04, -3.98014954e-04, -8.47100145e-04,  7.96807065e-04,
       -6.15063556e-05, -8.24895685e-04, -7.43849427e-05, -7.56061880e-05,
        3.15303330e-05,  5.76205734e-05,  2.68673972e-05,  5.24025268e-05,
       -6.97220060e-05,  1.07358567e-04, -2.30926389e-04,  6.89448499e-05,
        4.32986980e-05,  6.66133815e-07])
  message: 'CONVERGENCE: REL_REDUCTION_OF_F_<=_FACTR*EPSMCH'
     nfev: 5146
      nit: 150
     njev: 166
   status: 0
  success: True
        x: array([ 0.42907669,  0.00740492, -0.00449151,  0.00937373,  0.00484889,
        0.0616164 ,  0.48898036, -0.35985142, -0.01883988,  0.47197154,
        0.33712454, -0.00406466,  0.87238571, -0.00426245,  0.29167944,
        0.02684448, -0.02397664, -0.35196034,  0.11579864,  0.07167428,
       -0.32467343,  0.35608658,  0.03455243, -0.1442372 , -0.23229859,
       -0.01588298,  0.06628639, -0.17569969,  0.22954607,  0.1983004 ])
0.8236296971101568
[0.44374149 0.61974065 0.8770573  0.47435621 0.55436058 0.53331227
 0.49834047 0.57501107 0.72241432 0.50477735]
charge RMSD: 0.0007533083630660353
Reading '/data/unibas/boittier/graphscan/methanol/t3/p888.p.cube'... just atom number 
Reading '/data/unibas/boittier/graphscan/methanol/t3/p888.p.cube'... mode     1
Reading '/data/unibas/boittier/graphscan/methanol/t3/p205.p.cube'... mode     1
Reading '/data/unibas/boittier/graphscan/methanol/t3/p379.p.cube'... mode     1
Reading '/data/unibas/boittier/graphscan/methanol/t3/p403.p.cube'... mode     1
Reading '/data/unibas/boittier/graphscan/methanol/t3/p834.p.cube'... mode     1
Reading '/data/unibas/boittier/graphscan/methanol/t3/p1062.p.cube'... mode     1
Reading '/data/unibas/boittier/graphscan/methanol/t3/p1463.p.cube'... mode     1
Reading '/data/unibas/boittier/graphscan/methanol/t3/p1897.p.cube'... mode     1
Reading '/data/unibas/boittier/graphscan/methanol/t3/p1904.p.cube'... mode     1
Reading '/data/unibas/boittier/graphscan/methanol/t3/p662.p.cube'... mode     1
Reading '/data/unibas/boittier/graphscan/methanol/t3/p888.p.cube'... mode     2
Reading '/data/unibas/boittier/graphscan/methanol/t3/p205.p.cube'... mode     2
Reading '/data/unibas/boittier/graphscan/methanol/t3/p379.p.cube'... mode     2
Reading '/data/unibas/boittier/graphscan/methanol/t3/p403.p.cube'... mode     2
Reading '/data/unibas/boittier/graphscan/methanol/t3/p834.p.cube'... mode     2
Reading '/data/unibas/boittier/graphscan/methanol/t3/p1062.p.cube'... mode     2
Reading '/data/unibas/boittier/graphscan/methanol/t3/p1463.p.cube'... mode     2
Reading '/data/unibas/boittier/graphscan/methanol/t3/p1897.p.cube'... mode     2
Reading '/data/unibas/boittier/graphscan/methanol/t3/p1904.p.cube'... mode     2
Reading '/data/unibas/boittier/graphscan/methanol/t3/p662.p.cube'... mode     2
Reading '/data/unibas/boittier/graphscan/methanol/t3/p888.p.cube'... mode     3
Reading '/data/unibas/boittier/graphscan/methanol/t3/p205.p.cube'... mode     3
Reading '/data/unibas/boittier/graphscan/methanol/t3/p379.p.cube'... mode     3
Reading '/data/unibas/boittier/graphscan/methanol/t3/p403.p.cube'... mode     3
Reading '/data/unibas/boittier/graphscan/methanol/t3/p834.p.cube'... mode     3
Reading '/data/unibas/boittier/graphscan/methanol/t3/p1062.p.cube'... mode     3
Reading '/data/unibas/boittier/graphscan/methanol/t3/p1463.p.cube'... mode     3
Reading '/data/unibas/boittier/graphscan/methanol/t3/p1897.p.cube'... mode     3
Reading '/data/unibas/boittier/graphscan/methanol/t3/p1904.p.cube'... mode     3
Reading '/data/unibas/boittier/graphscan/methanol/t3/p662.p.cube'... mode     3
Reading '/home/unibas/boittier/MDCM/examples/multi-conformer/5-charmm-files/10charges.dcm'...
Reading '/home/unibas/boittier/fdcm_project/mdcms/methanol/10charges.xyz'...
Start computing local axis systems ...
Reading '/data/unibas/boittier/graphscan/methanol/t3/p888.p.cube'... mode     4
Reading '/data/unibas/boittier/graphscan/methanol/t3/p205.p.cube'... mode     4
Reading '/data/unibas/boittier/graphscan/methanol/t3/p379.p.cube'... mode     4
Reading '/data/unibas/boittier/graphscan/methanol/t3/p403.p.cube'... mode     4
Reading '/data/unibas/boittier/graphscan/methanol/t3/p834.p.cube'... mode     4
Reading '/data/unibas/boittier/graphscan/methanol/t3/p1062.p.cube'... mode     4
Reading '/data/unibas/boittier/graphscan/methanol/t3/p1463.p.cube'... mode     4
Reading '/data/unibas/boittier/graphscan/methanol/t3/p1897.p.cube'... mode     4
Reading '/data/unibas/boittier/graphscan/methanol/t3/p1904.p.cube'... mode     4
Reading '/data/unibas/boittier/graphscan/methanol/t3/p662.p.cube'... mode     4
